{"D:\\Studing\\RS-SCHOOL\\rsschoolreactrepo\\src\\App.tsx": {"path":"D:\\Studing\\RS-SCHOOL\\rsschoolreactrepo\\src\\App.tsx","statementMap":{"0":{"start":{"line":1,"column":0},"end":{"line":1,"column":55}},"1":{"start":{"line":2,"column":0},"end":{"line":2,"column":69}},"2":{"start":{"line":3,"column":0},"end":{"line":3,"column":49}},"3":{"start":{"line":4,"column":0},"end":{"line":4,"column":77}},"4":{"start":{"line":5,"column":0},"end":{"line":5,"column":48}},"5":{"start":{"line":6,"column":0},"end":{"line":6,"column":48}},"6":{"start":{"line":8,"column":12},"end":{"line":26,"column":1}},"7":{"start":{"line":9,"column":2},"end":{"line":25,"column":4}},"8":{"start":{"line":28,"column":0},"end":{"line":28,"column":19}}},"fnMap":{"0":{"name":"(anonymous_1)","decl":{"start":{"line":8,"column":12},"end":{"line":8,"column":15}},"loc":{"start":{"line":8,"column":17},"end":{"line":26,"column":1}}}},"branchMap":{},"s":{"0":1,"1":1,"2":1,"3":1,"4":1,"5":1,"6":1,"7":4,"8":1},"f":{"0":4},"b":{}}
,"D:\\Studing\\RS-SCHOOL\\rsschoolreactrepo\\src\\components\\ErrorBoundary\\ErrorBoundary.tsx": {"path":"D:\\Studing\\RS-SCHOOL\\rsschoolreactrepo\\src\\components\\ErrorBoundary\\ErrorBoundary.tsx","statementMap":{"0":{"start":{"line":1,"column":0},"end":{"line":1,"column":49}},"1":{"start":{"line":2,"column":0},"end":{"line":2,"column":36}},"2":{"start":{"line":6,"column":27},"end":{"line":8,"column":4}},"3":{"start":{"line":11,"column":4},"end":{"line":11,"column":30}},"4":{"start":{"line":15,"column":4},"end":{"line":15,"column":55}},"5":{"start":{"line":19,"column":4},"end":{"line":21,"column":null}},"6":{"start":{"line":20,"column":6},"end":{"line":20,"column":27}},"7":{"start":{"line":23,"column":4},"end":{"line":23,"column":31}},"8":{"start":{"line":27,"column":0},"end":{"line":27,"column":29}}},"fnMap":{"0":{"name":"(anonymous_1)","decl":{"start":{"line":10,"column":9},"end":{"line":10,"column":15}},"loc":{"start":{"line":10,"column":40},"end":{"line":12,"column":3}}},"1":{"name":"(anonymous_2)","decl":{"start":{"line":14,"column":9},"end":{"line":14,"column":26}},"loc":{"start":{"line":14,"column":61},"end":{"line":16,"column":3}}},"2":{"name":"(anonymous_3)","decl":{"start":{"line":18,"column":9},"end":{"line":18,"column":15}},"loc":{"start":{"line":18,"column":15},"end":{"line":24,"column":3}}}},"branchMap":{"0":{"loc":{"start":{"line":19,"column":4},"end":{"line":21,"column":null}},"type":"if","locations":[{"start":{"line":19,"column":4},"end":{"line":21,"column":null}}]}},"s":{"0":1,"1":1,"2":3,"3":4,"4":2,"5":5,"6":2,"7":3,"8":1},"f":{"0":4,"1":2,"2":5},"b":{"0":[2]}}
,"D:\\Studing\\RS-SCHOOL\\rsschoolreactrepo\\src\\components\\ErrorBoundary\\ErrorButton.tsx": {"path":"D:\\Studing\\RS-SCHOOL\\rsschoolreactrepo\\src\\components\\ErrorBoundary\\ErrorButton.tsx","statementMap":{"0":{"start":{"line":1,"column":0},"end":{"line":1,"column":33}},"1":{"start":{"line":2,"column":0},"end":{"line":2,"column":45}},"2":{"start":{"line":4,"column":20},"end":{"line":32,"column":1}},"3":{"start":{"line":5,"column":34},"end":{"line":5,"column":48}},"4":{"start":{"line":6,"column":22},"end":{"line":6,"column":52}},"5":{"start":{"line":8,"column":28},"end":{"line":10,"column":3}},"6":{"start":{"line":9,"column":4},"end":{"line":9,"column":23}},"7":{"start":{"line":11,"column":2},"end":{"line":31,"column":null}},"8":{"start":{"line":12,"column":4},"end":{"line":28,"column":6}},"9":{"start":{"line":30,"column":4},"end":{"line":30,"column":37}},"10":{"start":{"line":34,"column":0},"end":{"line":34,"column":27}}},"fnMap":{"0":{"name":"(anonymous_1)","decl":{"start":{"line":4,"column":20},"end":{"line":4,"column":23}},"loc":{"start":{"line":4,"column":25},"end":{"line":32,"column":1}}},"1":{"name":"(anonymous_2)","decl":{"start":{"line":8,"column":28},"end":{"line":8,"column":31}},"loc":{"start":{"line":8,"column":33},"end":{"line":10,"column":3}}}},"branchMap":{"0":{"loc":{"start":{"line":11,"column":2},"end":{"line":31,"column":null}},"type":"if","locations":[{"start":{"line":11,"column":2},"end":{"line":31,"column":null}},{"start":{"line":29,"column":9},"end":{"line":31,"column":null}}]},"1":{"loc":{"start":{"line":17,"column":14},"end":{"line":19,"column":37}},"type":"cond-expr","locations":[{"start":{"line":18,"column":18},"end":{"line":18,"column":57}},{"start":{"line":19,"column":18},"end":{"line":19,"column":37}}]}},"s":{"0":1,"1":1,"2":1,"3":3,"4":3,"5":3,"6":0,"7":3,"8":3,"9":0,"10":1},"f":{"0":3,"1":0},"b":{"0":[3,0],"1":[0,3]}}
,"D:\\Studing\\RS-SCHOOL\\rsschoolreactrepo\\src\\components\\ErrorBoundary\\ErrorNavigation.tsx": {"path":"D:\\Studing\\RS-SCHOOL\\rsschoolreactrepo\\src\\components\\ErrorBoundary\\ErrorNavigation.tsx","statementMap":{"0":{"start":{"line":2,"column":0},"end":{"line":2,"column":47}},"1":{"start":{"line":3,"column":0},"end":{"line":3,"column":45}},"2":{"start":{"line":5,"column":38},"end":{"line":18,"column":1}},"3":{"start":{"line":6,"column":19},"end":{"line":6,"column":32}},"4":{"start":{"line":7,"column":2},"end":{"line":17,"column":4}},"5":{"start":{"line":12,"column":56},"end":{"line":12,"column":68}},"6":{"start":{"line":20,"column":0},"end":{"line":20,"column":35}}},"fnMap":{"0":{"name":"(anonymous_1)","decl":{"start":{"line":5,"column":38},"end":{"line":5,"column":41}},"loc":{"start":{"line":5,"column":43},"end":{"line":18,"column":1}}},"1":{"name":"(anonymous_2)","decl":{"start":{"line":12,"column":50},"end":{"line":12,"column":53}},"loc":{"start":{"line":12,"column":56},"end":{"line":12,"column":68}}}},"branchMap":{},"s":{"0":1,"1":1,"2":1,"3":1,"4":1,"5":0,"6":1},"f":{"0":1,"1":0},"b":{}}
,"D:\\Studing\\RS-SCHOOL\\rsschoolreactrepo\\src\\components\\ErrorBoundary\\ErrorPage.tsx": {"path":"D:\\Studing\\RS-SCHOOL\\rsschoolreactrepo\\src\\components\\ErrorBoundary\\ErrorPage.tsx","statementMap":{"0":{"start":{"line":1,"column":0},"end":{"line":1,"column":45}},"1":{"start":{"line":3,"column":18},"end":{"line":21,"column":1}},"2":{"start":{"line":4,"column":28},"end":{"line":6,"column":3}},"3":{"start":{"line":5,"column":4},"end":{"line":5,"column":43}},"4":{"start":{"line":7,"column":2},"end":{"line":20,"column":4}},"5":{"start":{"line":23,"column":0},"end":{"line":23,"column":25}}},"fnMap":{"0":{"name":"(anonymous_1)","decl":{"start":{"line":3,"column":18},"end":{"line":3,"column":21}},"loc":{"start":{"line":3,"column":23},"end":{"line":21,"column":1}}},"1":{"name":"(anonymous_2)","decl":{"start":{"line":4,"column":28},"end":{"line":4,"column":37}},"loc":{"start":{"line":4,"column":39},"end":{"line":6,"column":3}}}},"branchMap":{},"s":{"0":1,"1":1,"2":3,"3":0,"4":3,"5":1},"f":{"0":3,"1":0},"b":{}}
,"D:\\Studing\\RS-SCHOOL\\rsschoolreactrepo\\src\\components\\Header\\Header.tsx": {"path":"D:\\Studing\\RS-SCHOOL\\rsschoolreactrepo\\src\\components\\Header\\Header.tsx","statementMap":{"0":{"start":{"line":1,"column":0},"end":{"line":1,"column":55}},"1":{"start":{"line":2,"column":0},"end":{"line":2,"column":54}},"2":{"start":{"line":3,"column":0},"end":{"line":3,"column":53}},"3":{"start":{"line":4,"column":0},"end":{"line":4,"column":53}},"4":{"start":{"line":6,"column":15},"end":{"line":15,"column":1}},"5":{"start":{"line":7,"column":2},"end":{"line":14,"column":4}},"6":{"start":{"line":17,"column":0},"end":{"line":17,"column":22}}},"fnMap":{"0":{"name":"(anonymous_1)","decl":{"start":{"line":6,"column":15},"end":{"line":6,"column":18}},"loc":{"start":{"line":6,"column":20},"end":{"line":15,"column":1}}}},"branchMap":{},"s":{"0":1,"1":1,"2":1,"3":1,"4":1,"5":3,"6":1},"f":{"0":3},"b":{}}
,"D:\\Studing\\RS-SCHOOL\\rsschoolreactrepo\\src\\components\\Layout\\Layout.tsx": {"path":"D:\\Studing\\RS-SCHOOL\\rsschoolreactrepo\\src\\components\\Layout\\Layout.tsx","statementMap":{"0":{"start":{"line":1,"column":0},"end":{"line":1,"column":42}},"1":{"start":{"line":2,"column":0},"end":{"line":2,"column":38}},"2":{"start":{"line":4,"column":15},"end":{"line":11,"column":1}},"3":{"start":{"line":5,"column":2},"end":{"line":10,"column":4}},"4":{"start":{"line":12,"column":0},"end":{"line":12,"column":22}}},"fnMap":{"0":{"name":"(anonymous_1)","decl":{"start":{"line":4,"column":15},"end":{"line":4,"column":18}},"loc":{"start":{"line":4,"column":20},"end":{"line":11,"column":1}}}},"branchMap":{},"s":{"0":1,"1":1,"2":1,"3":3,"4":1},"f":{"0":3},"b":{}}
,"D:\\Studing\\RS-SCHOOL\\rsschoolreactrepo\\src\\components\\Pagination\\Pagination.tsx": {"path":"D:\\Studing\\RS-SCHOOL\\rsschoolreactrepo\\src\\components\\Pagination\\Pagination.tsx","statementMap":{"0":{"start":{"line":1,"column":0},"end":{"line":1,"column":40}},"1":{"start":{"line":2,"column":0},"end":{"line":2,"column":46}},"2":{"start":{"line":3,"column":0},"end":{"line":3,"column":43}},"3":{"start":{"line":6,"column":23},"end":{"line":6,"column":36}},"4":{"start":{"line":7,"column":23},"end":{"line":7,"column":35}},"5":{"start":{"line":8,"column":26},"end":{"line":8,"column":37}},"6":{"start":{"line":9,"column":2},"end":{"line":9,"column":26}},"7":{"start":{"line":10,"column":22},"end":{"line":10,"column":52}},"8":{"start":{"line":12,"column":21},"end":{"line":12,"column":47}},"9":{"start":{"line":13,"column":16},"end":{"line":13,"column":18}},"10":{"start":{"line":14,"column":2},"end":{"line":16,"column":null}},"11":{"start":{"line":14,"column":15},"end":{"line":14,"column":16}},"12":{"start":{"line":15,"column":4},"end":{"line":15,"column":18}},"13":{"start":{"line":17,"column":15},"end":{"line":17,"column":19}},"14":{"start":{"line":18,"column":16},"end":{"line":18,"column":43}},"15":{"start":{"line":19,"column":16},"end":{"line":19,"column":24}},"16":{"start":{"line":20,"column":22},"end":{"line":20,"column":47}},"17":{"start":{"line":21,"column":2},"end":{"line":21,"column":26}},"18":{"start":{"line":22,"column":2},"end":{"line":43,"column":4}},"19":{"start":{"line":31,"column":8},"end":{"line":34,"column":null}},"20":{"start":{"line":33,"column":40},"end":{"line":33,"column":77}},"21":{"start":{"line":35,"column":25},"end":{"line":35,"column":36}},"22":{"start":{"line":5,"column":0},"end":{"line":5,"column":16}}},"fnMap":{"0":{"name":"Paginator","decl":{"start":{"line":5,"column":16},"end":{"line":5,"column":25}},"loc":{"start":{"line":5,"column":25},"end":{"line":44,"column":1}}},"1":{"name":"(anonymous_2)","decl":{"start":{"line":30,"column":23},"end":{"line":30,"column":24}},"loc":{"start":{"line":31,"column":8},"end":{"line":34,"column":null}}},"2":{"name":"(anonymous_3)","decl":{"start":{"line":33,"column":21},"end":{"line":33,"column":22}},"loc":{"start":{"line":33,"column":40},"end":{"line":33,"column":77}}},"3":{"name":"(anonymous_4)","decl":{"start":{"line":35,"column":19},"end":{"line":35,"column":22}},"loc":{"start":{"line":35,"column":25},"end":{"line":35,"column":36}}}},"branchMap":{"0":{"loc":{"start":{"line":18,"column":16},"end":{"line":18,"column":43}},"type":"cond-expr","locations":[{"start":{"line":18,"column":31},"end":{"line":18,"column":32}},{"start":{"line":18,"column":35},"end":{"line":18,"column":43}}]},"1":{"loc":{"start":{"line":25,"column":8},"end":{"line":27,"column":34}},"type":"cond-expr","locations":[{"start":{"line":26,"column":12},"end":{"line":26,"column":54}},{"start":{"line":27,"column":12},"end":{"line":27,"column":34}}]},"2":{"loc":{"start":{"line":33,"column":40},"end":{"line":33,"column":77}},"type":"cond-expr","locations":[{"start":{"line":33,"column":51},"end":{"line":33,"column":65}},{"start":{"line":33,"column":68},"end":{"line":33,"column":77}}]}},"s":{"0":2,"1":2,"2":2,"3":5,"4":5,"5":5,"6":5,"7":5,"8":5,"9":5,"10":5,"11":5,"12":210,"13":5,"14":5,"15":5,"16":5,"17":5,"18":5,"19":32,"20":32,"21":2,"22":2},"f":{"0":5,"1":32,"2":32,"3":2},"b":{"0":[5,0],"1":[0,5],"2":[2,30]}}
,"D:\\Studing\\RS-SCHOOL\\rsschoolreactrepo\\src\\components\\Person\\Person.tsx": {"path":"D:\\Studing\\RS-SCHOOL\\rsschoolreactrepo\\src\\components\\Person\\Person.tsx","statementMap":{"0":{"start":{"line":1,"column":0},"end":{"line":1,"column":58}},"1":{"start":{"line":2,"column":0},"end":{"line":2,"column":44}},"2":{"start":{"line":4,"column":0},"end":{"line":4,"column":42}},"3":{"start":{"line":5,"column":0},"end":{"line":5,"column":38}},"4":{"start":{"line":6,"column":0},"end":{"line":6,"column":59}},"5":{"start":{"line":7,"column":0},"end":{"line":7,"column":51}},"6":{"start":{"line":9,"column":15},"end":{"line":90,"column":1}},"7":{"start":{"line":10,"column":23},"end":{"line":10,"column":34}},"8":{"start":{"line":11,"column":30},"end":{"line":11,"column":57}},"9":{"start":{"line":12,"column":19},"end":{"line":12,"column":32}},"10":{"start":{"line":13,"column":21},"end":{"line":16,"column":3}},"11":{"start":{"line":14,"column":4},"end":{"line":14,"column":17}},"12":{"start":{"line":15,"column":4},"end":{"line":15,"column":39}},"13":{"start":{"line":17,"column":14},"end":{"line":20,"column":4}},"14":{"start":{"line":21,"column":40},"end":{"line":21,"column":53}},"15":{"start":{"line":22,"column":35},"end":{"line":22,"column":52}},"16":{"start":{"line":23,"column":19},"end":{"line":23,"column":35}},"17":{"start":{"line":25,"column":2},"end":{"line":35,"column":49}},"18":{"start":{"line":26,"column":4},"end":{"line":34,"column":9}},"19":{"start":{"line":27,"column":21},"end":{"line":27,"column":31}},"20":{"start":{"line":29,"column":8},"end":{"line":29,"column":26}},"21":{"start":{"line":30,"column":8},"end":{"line":33,"column":11}},"22":{"start":{"line":36,"column":2},"end":{"line":36,"column":27}},"23":{"start":{"line":37,"column":2},"end":{"line":89,"column":null}},"24":{"start":{"line":38,"column":21},"end":{"line":38,"column":41}},"25":{"start":{"line":39,"column":4},"end":{"line":88,"column":null}},"26":{"start":{"line":40,"column":6},"end":{"line":40,"column":43}},"27":{"start":{"line":41,"column":6},"end":{"line":46,"column":8}},"28":{"start":{"line":47,"column":11},"end":{"line":88,"column":null}},"29":{"start":{"line":48,"column":6},"end":{"line":48,"column":44}},"30":{"start":{"line":49,"column":6},"end":{"line":87,"column":8}},"31":{"start":{"line":91,"column":0},"end":{"line":91,"column":22}}},"fnMap":{"0":{"name":"(anonymous_1)","decl":{"start":{"line":9,"column":15},"end":{"line":9,"column":18}},"loc":{"start":{"line":9,"column":20},"end":{"line":90,"column":1}}},"1":{"name":"(anonymous_2)","decl":{"start":{"line":13,"column":21},"end":{"line":13,"column":24}},"loc":{"start":{"line":13,"column":26},"end":{"line":16,"column":3}}},"2":{"name":"(anonymous_3)","decl":{"start":{"line":25,"column":12},"end":{"line":25,"column":15}},"loc":{"start":{"line":25,"column":17},"end":{"line":35,"column":3}}},"3":{"name":"(anonymous_4)","decl":{"start":{"line":27,"column":12},"end":{"line":27,"column":13}},"loc":{"start":{"line":27,"column":21},"end":{"line":27,"column":31}}},"4":{"name":"(anonymous_5)","decl":{"start":{"line":28,"column":12},"end":{"line":28,"column":13}},"loc":{"start":{"line":28,"column":23},"end":{"line":34,"column":7}}}},"branchMap":{"0":{"loc":{"start":{"line":37,"column":2},"end":{"line":89,"column":null}},"type":"if","locations":[{"start":{"line":37,"column":2},"end":{"line":89,"column":null}}]},"1":{"loc":{"start":{"line":39,"column":4},"end":{"line":88,"column":null}},"type":"if","locations":[{"start":{"line":39,"column":4},"end":{"line":88,"column":null}},{"start":{"line":47,"column":11},"end":{"line":88,"column":null}}]},"2":{"loc":{"start":{"line":47,"column":11},"end":{"line":88,"column":null}},"type":"if","locations":[{"start":{"line":47,"column":11},"end":{"line":88,"column":null}}]},"3":{"loc":{"start":{"line":47,"column":15},"end":{"line":47,"column":58}},"type":"binary-expr","locations":[{"start":{"line":47,"column":15},"end":{"line":47,"column":21}},{"start":{"line":47,"column":25},"end":{"line":47,"column":40}},{"start":{"line":47,"column":44},"end":{"line":47,"column":58}}]}},"s":{"0":2,"1":2,"2":2,"3":2,"4":2,"5":2,"6":2,"7":3,"8":3,"9":3,"10":3,"11":0,"12":0,"13":3,"14":3,"15":3,"16":3,"17":3,"18":3,"19":0,"20":0,"21":0,"22":3,"23":3,"24":3,"25":3,"26":3,"27":3,"28":0,"29":0,"30":0,"31":2},"f":{"0":3,"1":0,"2":3,"3":0,"4":0},"b":{"0":[3],"1":[3,0],"2":[0],"3":[0,0,0]}}
,"D:\\Studing\\RS-SCHOOL\\rsschoolreactrepo\\src\\components\\SelectorBtn\\SelectorBtn.tsx": {"path":"D:\\Studing\\RS-SCHOOL\\rsschoolreactrepo\\src\\components\\SelectorBtn\\SelectorBtn.tsx","statementMap":{"0":{"start":{"line":1,"column":0},"end":{"line":1,"column":47}},"1":{"start":{"line":2,"column":0},"end":{"line":2,"column":47}},"2":{"start":{"line":4,"column":20},"end":{"line":33,"column":1}},"3":{"start":{"line":5,"column":19},"end":{"line":5,"column":32}},"4":{"start":{"line":7,"column":29},"end":{"line":12,"column":3}},"5":{"start":{"line":8,"column":18},"end":{"line":8,"column":43}},"6":{"start":{"line":9,"column":4},"end":{"line":9,"column":46}},"7":{"start":{"line":10,"column":4},"end":{"line":10,"column":33}},"8":{"start":{"line":11,"column":4},"end":{"line":11,"column":24}},"9":{"start":{"line":13,"column":22},"end":{"line":13,"column":52}},"10":{"start":{"line":14,"column":2},"end":{"line":32,"column":4}},"11":{"start":{"line":35,"column":0},"end":{"line":35,"column":27}}},"fnMap":{"0":{"name":"(anonymous_1)","decl":{"start":{"line":4,"column":20},"end":{"line":4,"column":23}},"loc":{"start":{"line":4,"column":25},"end":{"line":33,"column":1}}},"1":{"name":"(anonymous_2)","decl":{"start":{"line":7,"column":29},"end":{"line":7,"column":30}},"loc":{"start":{"line":7,"column":83},"end":{"line":12,"column":3}}}},"branchMap":{"0":{"loc":{"start":{"line":19,"column":12},"end":{"line":21,"column":38}},"type":"cond-expr","locations":[{"start":{"line":20,"column":16},"end":{"line":20,"column":58}},{"start":{"line":21,"column":16},"end":{"line":21,"column":38}}]}},"s":{"0":2,"1":2,"2":2,"3":3,"4":3,"5":0,"6":0,"7":0,"8":0,"9":3,"10":3,"11":2},"f":{"0":3,"1":0},"b":{"0":[0,3]}}
,"D:\\Studing\\RS-SCHOOL\\rsschoolreactrepo\\src\\components\\input-search\\InputSearch.tsx": {"path":"D:\\Studing\\RS-SCHOOL\\rsschoolreactrepo\\src\\components\\input-search\\InputSearch.tsx","statementMap":{"0":{"start":{"line":1,"column":0},"end":{"line":1,"column":47}},"1":{"start":{"line":2,"column":0},"end":{"line":2,"column":67}},"2":{"start":{"line":3,"column":0},"end":{"line":3,"column":59}},"3":{"start":{"line":5,"column":20},"end":{"line":53,"column":1}},"4":{"start":{"line":7,"column":2},"end":{"line":7,"column":63}},"5":{"start":{"line":7,"column":37},"end":{"line":7,"column":61}},"6":{"start":{"line":8,"column":32},"end":{"line":8,"column":49}},"7":{"start":{"line":9,"column":19},"end":{"line":9,"column":35}},"8":{"start":{"line":10,"column":22},"end":{"line":10,"column":52}},"9":{"start":{"line":12,"column":23},"end":{"line":15,"column":3}},"10":{"start":{"line":13,"column":21},"end":{"line":13,"column":60}},"11":{"start":{"line":14,"column":4},"end":{"line":14,"column":22}},"12":{"start":{"line":17,"column":27},"end":{"line":25,"column":3}},"13":{"start":{"line":18,"column":4},"end":{"line":24,"column":null}},"14":{"start":{"line":19,"column":19},"end":{"line":19,"column":25}},"15":{"start":{"line":20,"column":6},"end":{"line":20,"column":42}},"16":{"start":{"line":21,"column":6},"end":{"line":21,"column":47}},"17":{"start":{"line":23,"column":6},"end":{"line":23,"column":45}},"18":{"start":{"line":27,"column":22},"end":{"line":30,"column":3}},"19":{"start":{"line":28,"column":4},"end":{"line":28,"column":25}},"20":{"start":{"line":29,"column":4},"end":{"line":29,"column":36}},"21":{"start":{"line":32,"column":2},"end":{"line":52,"column":4}},"22":{"start":{"line":55,"column":0},"end":{"line":55,"column":27}}},"fnMap":{"0":{"name":"(anonymous_1)","decl":{"start":{"line":5,"column":20},"end":{"line":5,"column":23}},"loc":{"start":{"line":5,"column":25},"end":{"line":53,"column":1}}},"1":{"name":"(anonymous_2)","decl":{"start":{"line":7,"column":26},"end":{"line":7,"column":27}},"loc":{"start":{"line":7,"column":37},"end":{"line":7,"column":61}}},"2":{"name":"(anonymous_3)","decl":{"start":{"line":12,"column":23},"end":{"line":12,"column":24}},"loc":{"start":{"line":12,"column":68},"end":{"line":15,"column":3}}},"3":{"name":"(anonymous_4)","decl":{"start":{"line":17,"column":27},"end":{"line":17,"column":36}},"loc":{"start":{"line":17,"column":38},"end":{"line":25,"column":3}}},"4":{"name":"(anonymous_5)","decl":{"start":{"line":27,"column":22},"end":{"line":27,"column":25}},"loc":{"start":{"line":27,"column":27},"end":{"line":30,"column":3}}}},"branchMap":{"0":{"loc":{"start":{"line":18,"column":4},"end":{"line":24,"column":null}},"type":"if","locations":[{"start":{"line":18,"column":4},"end":{"line":24,"column":null}},{"start":{"line":22,"column":11},"end":{"line":24,"column":null}}]},"1":{"loc":{"start":{"line":36,"column":10},"end":{"line":38,"column":39}},"type":"cond-expr","locations":[{"start":{"line":37,"column":14},"end":{"line":37,"column":59}},{"start":{"line":38,"column":14},"end":{"line":38,"column":39}}]}},"s":{"0":2,"1":2,"2":2,"3":2,"4":7,"5":0,"6":2,"7":2,"8":2,"9":2,"10":0,"11":0,"12":2,"13":2,"14":2,"15":2,"16":2,"17":0,"18":2,"19":0,"20":0,"21":2,"22":2},"f":{"0":7,"1":0,"2":0,"3":2,"4":0},"b":{"0":[2,0],"1":[0,2]}}
,"D:\\Studing\\RS-SCHOOL\\rsschoolreactrepo\\src\\components\\loader\\Loader.tsx": {"path":"D:\\Studing\\RS-SCHOOL\\rsschoolreactrepo\\src\\components\\loader\\Loader.tsx","statementMap":{"0":{"start":{"line":1,"column":0},"end":{"line":1,"column":42}},"1":{"start":{"line":3,"column":15},"end":{"line":14,"column":1}},"2":{"start":{"line":4,"column":2},"end":{"line":13,"column":4}},"3":{"start":{"line":16,"column":0},"end":{"line":16,"column":22}}},"fnMap":{"0":{"name":"(anonymous_1)","decl":{"start":{"line":3,"column":15},"end":{"line":3,"column":18}},"loc":{"start":{"line":3,"column":20},"end":{"line":14,"column":1}}}},"branchMap":{},"s":{"0":3,"1":3,"2":5,"3":3},"f":{"0":5},"b":{}}
,"D:\\Studing\\RS-SCHOOL\\rsschoolreactrepo\\src\\components\\main-page\\ItemOnPage.tsx": {"path":"D:\\Studing\\RS-SCHOOL\\rsschoolreactrepo\\src\\components\\main-page\\ItemOnPage.tsx","statementMap":{"0":{"start":{"line":1,"column":0},"end":{"line":1,"column":46}},"1":{"start":{"line":3,"column":0},"end":{"line":3,"column":43}},"2":{"start":{"line":4,"column":19},"end":{"line":35,"column":1}},"3":{"start":{"line":5,"column":23},"end":{"line":7,"column":3}},"4":{"start":{"line":6,"column":4},"end":{"line":6,"column":46}},"5":{"start":{"line":8,"column":22},"end":{"line":8,"column":52}},"6":{"start":{"line":10,"column":2},"end":{"line":34,"column":4}},"7":{"start":{"line":37,"column":0},"end":{"line":37,"column":26}}},"fnMap":{"0":{"name":"(anonymous_1)","decl":{"start":{"line":4,"column":19},"end":{"line":4,"column":20}},"loc":{"start":{"line":4,"column":35},"end":{"line":35,"column":1}}},"1":{"name":"(anonymous_2)","decl":{"start":{"line":5,"column":23},"end":{"line":5,"column":32}},"loc":{"start":{"line":5,"column":34},"end":{"line":7,"column":3}}}},"branchMap":{"0":{"loc":{"start":{"line":17,"column":12},"end":{"line":17,"column":97}},"type":"cond-expr","locations":[{"start":{"line":17,"column":40},"end":{"line":17,"column":77}},{"start":{"line":17,"column":80},"end":{"line":17,"column":97}}]}},"s":{"0":5,"1":5,"2":5,"3":14,"4":2,"5":14,"6":14,"7":5},"f":{"0":14,"1":2},"b":{"0":[2,12]}}
,"D:\\Studing\\RS-SCHOOL\\rsschoolreactrepo\\src\\components\\main-page\\ListItems.tsx": {"path":"D:\\Studing\\RS-SCHOOL\\rsschoolreactrepo\\src\\components\\main-page\\ListItems.tsx","statementMap":{"0":{"start":{"line":2,"column":0},"end":{"line":2,"column":38}},"1":{"start":{"line":8,"column":18},"end":{"line":30,"column":1}},"2":{"start":{"line":9,"column":16},"end":{"line":9,"column":27}},"3":{"start":{"line":10,"column":2},"end":{"line":29,"column":null}},"4":{"start":{"line":11,"column":4},"end":{"line":26,"column":6}},"5":{"start":{"line":14,"column":10},"end":{"line":15,"column":null}},"6":{"start":{"line":28,"column":4},"end":{"line":28,"column":39}},"7":{"start":{"line":32,"column":0},"end":{"line":32,"column":25}}},"fnMap":{"0":{"name":"(anonymous_1)","decl":{"start":{"line":8,"column":18},"end":{"line":8,"column":19}},"loc":{"start":{"line":8,"column":36},"end":{"line":30,"column":1}}},"1":{"name":"(anonymous_2)","decl":{"start":{"line":13,"column":19},"end":{"line":13,"column":20}},"loc":{"start":{"line":14,"column":10},"end":{"line":15,"column":null}}}},"branchMap":{"0":{"loc":{"start":{"line":10,"column":2},"end":{"line":29,"column":null}},"type":"if","locations":[{"start":{"line":10,"column":2},"end":{"line":29,"column":null}},{"start":{"line":27,"column":9},"end":{"line":29,"column":null}}]}},"s":{"0":5,"1":5,"2":8,"3":8,"4":7,"5":14,"6":1,"7":5},"f":{"0":8,"1":14},"b":{"0":[7,1]}}
,"D:\\Studing\\RS-SCHOOL\\rsschoolreactrepo\\src\\components\\main-page\\MainPage.tsx": {"path":"D:\\Studing\\RS-SCHOOL\\rsschoolreactrepo\\src\\components\\main-page\\MainPage.tsx","statementMap":{"0":{"start":{"line":1,"column":0},"end":{"line":1,"column":46}},"1":{"start":{"line":2,"column":0},"end":{"line":2,"column":36}},"2":{"start":{"line":3,"column":0},"end":{"line":3,"column":53}},"3":{"start":{"line":5,"column":0},"end":{"line":5,"column":55}},"4":{"start":{"line":6,"column":0},"end":{"line":6,"column":59}},"5":{"start":{"line":7,"column":0},"end":{"line":7,"column":51}},"6":{"start":{"line":8,"column":0},"end":{"line":8,"column":34}},"7":{"start":{"line":9,"column":0},"end":{"line":9,"column":38}},"8":{"start":{"line":11,"column":17},"end":{"line":64,"column":1}},"9":{"start":{"line":12,"column":19},"end":{"line":12,"column":61}},"10":{"start":{"line":13,"column":15},"end":{"line":13,"column":49}},"11":{"start":{"line":15,"column":22},"end":{"line":15,"column":52}},"12":{"start":{"line":16,"column":17},"end":{"line":16,"column":28}},"13":{"start":{"line":17,"column":19},"end":{"line":17,"column":29}},"14":{"start":{"line":18,"column":43},"end":{"line":18,"column":83}},"15":{"start":{"line":19,"column":16},"end":{"line":19,"column":26}},"16":{"start":{"line":20,"column":33},"end":{"line":20,"column":50}},"17":{"start":{"line":21,"column":32},"end":{"line":21,"column":49}},"18":{"start":{"line":22,"column":32},"end":{"line":22,"column":49}},"19":{"start":{"line":23,"column":19},"end":{"line":23,"column":35}},"20":{"start":{"line":25,"column":2},"end":{"line":33,"column":5}},"21":{"start":{"line":26,"column":4},"end":{"line":32,"column":null}},"22":{"start":{"line":27,"column":6},"end":{"line":27,"column":42}},"23":{"start":{"line":28,"column":6},"end":{"line":28,"column":40}},"24":{"start":{"line":29,"column":6},"end":{"line":29,"column":46}},"25":{"start":{"line":31,"column":6},"end":{"line":31,"column":38}},"26":{"start":{"line":34,"column":2},"end":{"line":34,"column":21}},"27":{"start":{"line":35,"column":2},"end":{"line":37,"column":null}},"28":{"start":{"line":36,"column":4},"end":{"line":36,"column":20}},"29":{"start":{"line":39,"column":2},"end":{"line":42,"column":null}},"30":{"start":{"line":40,"column":4},"end":{"line":40,"column":29}},"31":{"start":{"line":41,"column":4},"end":{"line":41,"column":36}},"32":{"start":{"line":43,"column":2},"end":{"line":63,"column":4}},"33":{"start":{"line":66,"column":0},"end":{"line":66,"column":24}}},"fnMap":{"0":{"name":"(anonymous_1)","decl":{"start":{"line":11,"column":17},"end":{"line":11,"column":20}},"loc":{"start":{"line":11,"column":22},"end":{"line":64,"column":1}}},"1":{"name":"(anonymous_2)","decl":{"start":{"line":25,"column":12},"end":{"line":25,"column":15}},"loc":{"start":{"line":25,"column":17},"end":{"line":33,"column":3}}}},"branchMap":{"0":{"loc":{"start":{"line":26,"column":4},"end":{"line":32,"column":null}},"type":"if","locations":[{"start":{"line":26,"column":4},"end":{"line":32,"column":null}},{"start":{"line":30,"column":11},"end":{"line":32,"column":null}}]},"1":{"loc":{"start":{"line":26,"column":8},"end":{"line":26,"column":35}},"type":"binary-expr","locations":[{"start":{"line":26,"column":8},"end":{"line":26,"column":13}},{"start":{"line":26,"column":17},"end":{"line":26,"column":21}},{"start":{"line":26,"column":25},"end":{"line":26,"column":35}}]},"2":{"loc":{"start":{"line":35,"column":2},"end":{"line":37,"column":null}},"type":"if","locations":[{"start":{"line":35,"column":2},"end":{"line":37,"column":null}}]},"3":{"loc":{"start":{"line":39,"column":2},"end":{"line":42,"column":null}},"type":"if","locations":[{"start":{"line":39,"column":2},"end":{"line":42,"column":null}}]},"4":{"loc":{"start":{"line":47,"column":11},"end":{"line":47,"column":34}},"type":"binary-expr","locations":[{"start":{"line":47,"column":11},"end":{"line":47,"column":20}},{"start":{"line":47,"column":24},"end":{"line":47,"column":34}}]},"5":{"loc":{"start":{"line":48,"column":11},"end":{"line":48,"column":59}},"type":"binary-expr","locations":[{"start":{"line":48,"column":11},"end":{"line":48,"column":22}},{"start":{"line":48,"column":26},"end":{"line":48,"column":59}}]},"6":{"loc":{"start":{"line":49,"column":11},"end":{"line":49,"column":88}},"type":"binary-expr","locations":[{"start":{"line":49,"column":11},"end":{"line":49,"column":16}},{"start":{"line":49,"column":20},"end":{"line":49,"column":88}}]},"7":{"loc":{"start":{"line":53,"column":12},"end":{"line":55,"column":39}},"type":"cond-expr","locations":[{"start":{"line":54,"column":16},"end":{"line":54,"column":57}},{"start":{"line":55,"column":16},"end":{"line":55,"column":39}}]}},"s":{"0":2,"1":2,"2":2,"3":2,"4":2,"5":2,"6":2,"7":2,"8":2,"9":8,"10":8,"11":8,"12":8,"13":7,"14":7,"15":3,"16":3,"17":3,"18":3,"19":3,"20":3,"21":3,"22":0,"23":0,"24":0,"25":3,"26":3,"27":3,"28":3,"29":3,"30":0,"31":0,"32":3,"33":2},"f":{"0":8,"1":3},"b":{"0":[0,3],"1":[3,0,0],"2":[3],"3":[0],"4":[3,2],"5":[3,0],"6":[3,1],"7":[0,3]}}
,"D:\\Studing\\RS-SCHOOL\\rsschoolreactrepo\\src\\hooks\\redux.ts": {"path":"D:\\Studing\\RS-SCHOOL\\rsschoolreactrepo\\src\\hooks\\redux.ts","statementMap":{"0":{"start":{"line":1,"column":0},"end":{"line":1,"column":64}},"1":{"start":{"line":3,"column":0},"end":{"line":3,"column":42}},"2":{"start":{"line":5,"column":30},"end":{"line":5,"column":62}},"3":{"start":{"line":5,"column":36},"end":{"line":5,"column":62}},"4":{"start":{"line":5,"column":13},"end":{"line":5,"column":30}},"5":{"start":{"line":6,"column":13},"end":{"line":6,"column":75}}},"fnMap":{"0":{"name":"(anonymous_0)","decl":{"start":{"line":5,"column":30},"end":{"line":5,"column":33}},"loc":{"start":{"line":5,"column":36},"end":{"line":5,"column":62}}}},"branchMap":{},"s":{"0":4,"1":4,"2":4,"3":8,"4":4,"5":4},"f":{"0":8},"b":{}}
,"D:\\Studing\\RS-SCHOOL\\rsschoolreactrepo\\src\\services\\ItemsService.ts": {"path":"D:\\Studing\\RS-SCHOOL\\rsschoolreactrepo\\src\\services\\ItemsService.ts","statementMap":{"0":{"start":{"line":2,"column":0},"end":{"line":2,"column":78}},"1":{"start":{"line":18,"column":13},"end":{"line":35,"column":3}},"2":{"start":{"line":21,"column":27},"end":{"line":34,"column":4}},"3":{"start":{"line":24,"column":27},"end":{"line":24,"column":61}},"4":{"start":{"line":25,"column":8},"end":{"line":25,"column":50}},"5":{"start":{"line":28,"column":21},"end":{"line":28,"column":37}},"6":{"start":{"line":29,"column":8},"end":{"line":31,"column":10}}},"fnMap":{"0":{"name":"(anonymous_0)","decl":{"start":{"line":21,"column":13},"end":{"line":21,"column":14}},"loc":{"start":{"line":21,"column":27},"end":{"line":34,"column":4}}},"1":{"name":"(anonymous_1)","decl":{"start":{"line":23,"column":13},"end":{"line":23,"column":14}},"loc":{"start":{"line":23,"column":34},"end":{"line":26,"column":7}}},"2":{"name":"(anonymous_2)","decl":{"start":{"line":27,"column":25},"end":{"line":27,"column":26}},"loc":{"start":{"line":27,"column":43},"end":{"line":32,"column":7}}}},"branchMap":{"0":{"loc":{"start":{"line":23,"column":14},"end":{"line":23,"column":30}},"type":"default-arg","locations":[{"start":{"line":23,"column":29},"end":{"line":23,"column":30}}]}},"s":{"0":2,"1":2,"2":2,"3":1,"4":1,"5":0,"6":0},"f":{"0":2,"1":1,"2":0},"b":{"0":[0]}}
,"D:\\Studing\\RS-SCHOOL\\rsschoolreactrepo\\src\\store\\store.ts": {"path":"D:\\Studing\\RS-SCHOOL\\rsschoolreactrepo\\src\\store\\store.ts","statementMap":{"0":{"start":{"line":1,"column":0},"end":{"line":1,"column":67}},"1":{"start":{"line":2,"column":0},"end":{"line":2,"column":47}},"2":{"start":{"line":3,"column":0},"end":{"line":3,"column":52}},"3":{"start":{"line":5,"column":20},"end":{"line":8,"column":2}},"4":{"start":{"line":10,"column":19},"end":{"line":15,"column":1}},"5":{"start":{"line":11,"column":2},"end":{"line":14,"column":5}},"6":{"start":{"line":13,"column":42},"end":{"line":13,"column":92}},"7":{"start":{"line":17,"column":0},"end":{"line":17,"column":26}}},"fnMap":{"0":{"name":"(anonymous_1)","decl":{"start":{"line":10,"column":19},"end":{"line":10,"column":22}},"loc":{"start":{"line":10,"column":24},"end":{"line":15,"column":1}}},"1":{"name":"(anonymous_2)","decl":{"start":{"line":13,"column":16},"end":{"line":13,"column":17}},"loc":{"start":{"line":13,"column":42},"end":{"line":13,"column":92}}}},"branchMap":{},"s":{"0":1,"1":1,"2":1,"3":1,"4":1,"5":1,"6":1,"7":1},"f":{"0":1,"1":1},"b":{}}
,"D:\\Studing\\RS-SCHOOL\\rsschoolreactrepo\\src\\store\\reducers\\ActionCreators.ts": {"path":"D:\\Studing\\RS-SCHOOL\\rsschoolreactrepo\\src\\store\\reducers\\ActionCreators.ts","statementMap":{"0":{"start":{"line":2,"column":0},"end":{"line":2,"column":52}},"1":{"start":{"line":4,"column":13},"end":{"line":13,"column":3}},"2":{"start":{"line":5,"column":2},"end":{"line":12,"column":null}},"3":{"start":{"line":6,"column":29},"end":{"line":8,"column":39}},"4":{"start":{"line":7,"column":21},"end":{"line":7,"column":31}},"5":{"start":{"line":8,"column":24},"end":{"line":8,"column":38}},"6":{"start":{"line":9,"column":4},"end":{"line":9,"column":20}},"7":{"start":{"line":11,"column":4},"end":{"line":11,"column":60}}},"fnMap":{"0":{"name":"(anonymous_0)","decl":{"start":{"line":4,"column":60},"end":{"line":4,"column":65}},"loc":{"start":{"line":4,"column":82},"end":{"line":13,"column":1}}},"1":{"name":"(anonymous_1)","decl":{"start":{"line":7,"column":12},"end":{"line":7,"column":13}},"loc":{"start":{"line":7,"column":21},"end":{"line":7,"column":31}}},"2":{"name":"(anonymous_2)","decl":{"start":{"line":8,"column":12},"end":{"line":8,"column":13}},"loc":{"start":{"line":8,"column":24},"end":{"line":8,"column":38}}}},"branchMap":{},"s":{"0":4,"1":4,"2":0,"3":0,"4":0,"5":0,"6":0,"7":0},"f":{"0":0,"1":0,"2":0},"b":{}}
,"D:\\Studing\\RS-SCHOOL\\rsschoolreactrepo\\src\\store\\reducers\\ItemSlice.ts": {"path":"D:\\Studing\\RS-SCHOOL\\rsschoolreactrepo\\src\\store\\reducers\\ItemSlice.ts","statementMap":{"0":{"start":{"line":1,"column":0},"end":{"line":1,"column":46}},"1":{"start":{"line":2,"column":0},"end":{"line":2,"column":62}},"2":{"start":{"line":5,"column":33},"end":{"line":11,"column":2}},"3":{"start":{"line":13,"column":13},"end":{"line":47,"column":3}},"4":{"start":{"line":18,"column":6},"end":{"line":18,"column":36}},"5":{"start":{"line":21,"column":6},"end":{"line":21,"column":35}},"6":{"start":{"line":24,"column":6},"end":{"line":24,"column":42}},"7":{"start":{"line":27,"column":6},"end":{"line":27,"column":44}},"8":{"start":{"line":30,"column":6},"end":{"line":30,"column":40}},"9":{"start":{"line":35,"column":6},"end":{"line":35,"column":32}},"10":{"start":{"line":38,"column":6},"end":{"line":38,"column":33}},"11":{"start":{"line":39,"column":6},"end":{"line":39,"column":23}},"12":{"start":{"line":40,"column":6},"end":{"line":40,"column":35}},"13":{"start":{"line":43,"column":6},"end":{"line":43,"column":33}},"14":{"start":{"line":44,"column":6},"end":{"line":44,"column":35}},"15":{"start":{"line":49,"column":0},"end":{"line":49,"column":33}}},"fnMap":{"0":{"name":"(anonymous_0)","decl":{"start":{"line":17,"column":4},"end":{"line":17,"column":21}},"loc":{"start":{"line":17,"column":58},"end":{"line":19,"column":5}}},"1":{"name":"(anonymous_1)","decl":{"start":{"line":20,"column":4},"end":{"line":20,"column":22}},"loc":{"start":{"line":20,"column":59},"end":{"line":22,"column":5}}},"2":{"name":"(anonymous_2)","decl":{"start":{"line":23,"column":4},"end":{"line":23,"column":21}},"loc":{"start":{"line":23,"column":59},"end":{"line":25,"column":5}}},"3":{"name":"(anonymous_3)","decl":{"start":{"line":26,"column":4},"end":{"line":26,"column":24}},"loc":{"start":{"line":26,"column":62},"end":{"line":28,"column":5}}},"4":{"name":"(anonymous_4)","decl":{"start":{"line":29,"column":4},"end":{"line":29,"column":21}},"loc":{"start":{"line":29,"column":58},"end":{"line":31,"column":5}}},"5":{"name":"(anonymous_5)","decl":{"start":{"line":34,"column":31},"end":{"line":34,"column":32}},"loc":{"start":{"line":34,"column":41},"end":{"line":36,"column":5}}},"6":{"name":"(anonymous_6)","decl":{"start":{"line":37,"column":33},"end":{"line":37,"column":34}},"loc":{"start":{"line":37,"column":74},"end":{"line":41,"column":5}}},"7":{"name":"(anonymous_7)","decl":{"start":{"line":42,"column":32},"end":{"line":42,"column":33}},"loc":{"start":{"line":42,"column":73},"end":{"line":45,"column":5}}}},"branchMap":{},"s":{"0":4,"1":4,"2":4,"3":4,"4":3,"5":0,"6":0,"7":0,"8":0,"9":0,"10":0,"11":0,"12":0,"13":0,"14":0,"15":4},"f":{"0":3,"1":0,"2":0,"3":0,"4":0,"5":0,"6":0,"7":0},"b":{}}
}
