{"D:\\Studing\\RS-SCHOOL\\rsschoolreactrepo\\src\\App.tsx": {"path":"D:\\Studing\\RS-SCHOOL\\rsschoolreactrepo\\src\\App.tsx","statementMap":{"0":{"start":{"line":1,"column":0},"end":{"line":1,"column":55}},"1":{"start":{"line":2,"column":0},"end":{"line":2,"column":69}},"2":{"start":{"line":3,"column":0},"end":{"line":3,"column":49}},"3":{"start":{"line":4,"column":0},"end":{"line":4,"column":77}},"4":{"start":{"line":5,"column":0},"end":{"line":5,"column":48}},"5":{"start":{"line":6,"column":0},"end":{"line":6,"column":48}},"6":{"start":{"line":7,"column":0},"end":{"line":7,"column":33}},"7":{"start":{"line":9,"column":0},"end":{"line":9,"column":61}},"8":{"start":{"line":11,"column":12},"end":{"line":44,"column":1}},"9":{"start":{"line":12,"column":28},"end":{"line":12,"column":56}},"10":{"start":{"line":13,"column":2},"end":{"line":43,"column":4}},"11":{"start":{"line":46,"column":0},"end":{"line":46,"column":19}}},"fnMap":{"0":{"name":"(anonymous_1)","decl":{"start":{"line":11,"column":12},"end":{"line":11,"column":15}},"loc":{"start":{"line":11,"column":17},"end":{"line":44,"column":1}}}},"branchMap":{},"s":{"0":1,"1":1,"2":1,"3":1,"4":1,"5":1,"6":1,"7":1,"8":1,"9":3,"10":2,"11":1},"f":{"0":3},"b":{}}
,"D:\\Studing\\RS-SCHOOL\\rsschoolreactrepo\\src\\components\\Context\\ApiContext.tsx": {"path":"D:\\Studing\\RS-SCHOOL\\rsschoolreactrepo\\src\\components\\Context\\ApiContext.tsx","statementMap":{"0":{"start":{"line":1,"column":0},"end":{"line":1,"column":38}},"1":{"start":{"line":9,"column":20},"end":{"line":15,"column":2}},"2":{"start":{"line":17,"column":13},"end":{"line":17,"column":68}}},"fnMap":{"0":{"name":"(anonymous_0)","decl":{"start":{"line":14,"column":12},"end":{"line":14,"column":21}},"loc":{"start":{"line":14,"column":23},"end":{"line":14,"column":26}}}},"branchMap":{},"s":{"0":1,"1":1,"2":1},"f":{"0":0},"b":{}}
,"D:\\Studing\\RS-SCHOOL\\rsschoolreactrepo\\src\\components\\Context\\InputContext.tsx": {"path":"D:\\Studing\\RS-SCHOOL\\rsschoolreactrepo\\src\\components\\Context\\InputContext.tsx","statementMap":{"0":{"start":{"line":1,"column":0},"end":{"line":1,"column":64}},"1":{"start":{"line":9,"column":12},"end":{"line":14,"column":2}},"2":{"start":{"line":16,"column":13},"end":{"line":16,"column":64}}},"fnMap":{"0":{"name":"(anonymous_0)","decl":{"start":{"line":13,"column":12},"end":{"line":13,"column":21}},"loc":{"start":{"line":13,"column":23},"end":{"line":13,"column":26}}}},"branchMap":{},"s":{"0":2,"1":2,"2":2},"f":{"0":0},"b":{}}
,"D:\\Studing\\RS-SCHOOL\\rsschoolreactrepo\\src\\components\\ErrorBoundary\\ErrorBoundary.tsx": {"path":"D:\\Studing\\RS-SCHOOL\\rsschoolreactrepo\\src\\components\\ErrorBoundary\\ErrorBoundary.tsx","statementMap":{"0":{"start":{"line":1,"column":0},"end":{"line":1,"column":49}},"1":{"start":{"line":2,"column":0},"end":{"line":2,"column":36}},"2":{"start":{"line":6,"column":27},"end":{"line":8,"column":4}},"3":{"start":{"line":11,"column":4},"end":{"line":11,"column":30}},"4":{"start":{"line":15,"column":4},"end":{"line":15,"column":55}},"5":{"start":{"line":19,"column":4},"end":{"line":21,"column":null}},"6":{"start":{"line":20,"column":6},"end":{"line":20,"column":27}},"7":{"start":{"line":23,"column":4},"end":{"line":23,"column":31}},"8":{"start":{"line":27,"column":0},"end":{"line":27,"column":29}}},"fnMap":{"0":{"name":"(anonymous_1)","decl":{"start":{"line":10,"column":9},"end":{"line":10,"column":15}},"loc":{"start":{"line":10,"column":40},"end":{"line":12,"column":3}}},"1":{"name":"(anonymous_2)","decl":{"start":{"line":14,"column":9},"end":{"line":14,"column":26}},"loc":{"start":{"line":14,"column":61},"end":{"line":16,"column":3}}},"2":{"name":"(anonymous_3)","decl":{"start":{"line":18,"column":9},"end":{"line":18,"column":15}},"loc":{"start":{"line":18,"column":15},"end":{"line":24,"column":3}}}},"branchMap":{"0":{"loc":{"start":{"line":19,"column":4},"end":{"line":21,"column":null}},"type":"if","locations":[{"start":{"line":19,"column":4},"end":{"line":21,"column":null}}]}},"s":{"0":1,"1":1,"2":2,"3":2,"4":1,"5":4,"6":2,"7":2,"8":1},"f":{"0":2,"1":1,"2":4},"b":{"0":[2]}}
,"D:\\Studing\\RS-SCHOOL\\rsschoolreactrepo\\src\\components\\ErrorBoundary\\ErrorButton.tsx": {"path":"D:\\Studing\\RS-SCHOOL\\rsschoolreactrepo\\src\\components\\ErrorBoundary\\ErrorButton.tsx","statementMap":{"0":{"start":{"line":1,"column":0},"end":{"line":1,"column":33}},"1":{"start":{"line":2,"column":0},"end":{"line":2,"column":45}},"2":{"start":{"line":4,"column":20},"end":{"line":32,"column":1}},"3":{"start":{"line":5,"column":34},"end":{"line":5,"column":48}},"4":{"start":{"line":6,"column":22},"end":{"line":6,"column":52}},"5":{"start":{"line":8,"column":28},"end":{"line":10,"column":3}},"6":{"start":{"line":9,"column":4},"end":{"line":9,"column":23}},"7":{"start":{"line":11,"column":2},"end":{"line":31,"column":null}},"8":{"start":{"line":12,"column":4},"end":{"line":28,"column":6}},"9":{"start":{"line":30,"column":4},"end":{"line":30,"column":37}},"10":{"start":{"line":34,"column":0},"end":{"line":34,"column":27}}},"fnMap":{"0":{"name":"(anonymous_1)","decl":{"start":{"line":4,"column":20},"end":{"line":4,"column":23}},"loc":{"start":{"line":4,"column":25},"end":{"line":32,"column":1}}},"1":{"name":"(anonymous_2)","decl":{"start":{"line":8,"column":28},"end":{"line":8,"column":31}},"loc":{"start":{"line":8,"column":33},"end":{"line":10,"column":3}}}},"branchMap":{"0":{"loc":{"start":{"line":11,"column":2},"end":{"line":31,"column":null}},"type":"if","locations":[{"start":{"line":11,"column":2},"end":{"line":31,"column":null}},{"start":{"line":29,"column":9},"end":{"line":31,"column":null}}]},"1":{"loc":{"start":{"line":17,"column":14},"end":{"line":19,"column":37}},"type":"cond-expr","locations":[{"start":{"line":18,"column":18},"end":{"line":18,"column":57}},{"start":{"line":19,"column":18},"end":{"line":19,"column":37}}]}},"s":{"0":1,"1":1,"2":1,"3":0,"4":0,"5":0,"6":0,"7":0,"8":0,"9":0,"10":1},"f":{"0":0,"1":0},"b":{"0":[0,0],"1":[0,0]}}
,"D:\\Studing\\RS-SCHOOL\\rsschoolreactrepo\\src\\components\\ErrorBoundary\\ErrorNavigation.tsx": {"path":"D:\\Studing\\RS-SCHOOL\\rsschoolreactrepo\\src\\components\\ErrorBoundary\\ErrorNavigation.tsx","statementMap":{"0":{"start":{"line":2,"column":0},"end":{"line":2,"column":47}},"1":{"start":{"line":3,"column":0},"end":{"line":3,"column":45}},"2":{"start":{"line":5,"column":38},"end":{"line":18,"column":1}},"3":{"start":{"line":6,"column":19},"end":{"line":6,"column":32}},"4":{"start":{"line":7,"column":2},"end":{"line":17,"column":4}},"5":{"start":{"line":12,"column":56},"end":{"line":12,"column":68}},"6":{"start":{"line":20,"column":0},"end":{"line":20,"column":35}}},"fnMap":{"0":{"name":"(anonymous_1)","decl":{"start":{"line":5,"column":38},"end":{"line":5,"column":41}},"loc":{"start":{"line":5,"column":43},"end":{"line":18,"column":1}}},"1":{"name":"(anonymous_2)","decl":{"start":{"line":12,"column":50},"end":{"line":12,"column":53}},"loc":{"start":{"line":12,"column":56},"end":{"line":12,"column":68}}}},"branchMap":{},"s":{"0":1,"1":1,"2":1,"3":0,"4":0,"5":0,"6":1},"f":{"0":0,"1":0},"b":{}}
,"D:\\Studing\\RS-SCHOOL\\rsschoolreactrepo\\src\\components\\ErrorBoundary\\ErrorPage.tsx": {"path":"D:\\Studing\\RS-SCHOOL\\rsschoolreactrepo\\src\\components\\ErrorBoundary\\ErrorPage.tsx","statementMap":{"0":{"start":{"line":1,"column":0},"end":{"line":1,"column":45}},"1":{"start":{"line":3,"column":18},"end":{"line":21,"column":1}},"2":{"start":{"line":4,"column":28},"end":{"line":6,"column":3}},"3":{"start":{"line":5,"column":4},"end":{"line":5,"column":43}},"4":{"start":{"line":7,"column":2},"end":{"line":20,"column":4}},"5":{"start":{"line":23,"column":0},"end":{"line":23,"column":25}}},"fnMap":{"0":{"name":"(anonymous_1)","decl":{"start":{"line":3,"column":18},"end":{"line":3,"column":21}},"loc":{"start":{"line":3,"column":23},"end":{"line":21,"column":1}}},"1":{"name":"(anonymous_2)","decl":{"start":{"line":4,"column":28},"end":{"line":4,"column":37}},"loc":{"start":{"line":4,"column":39},"end":{"line":6,"column":3}}}},"branchMap":{},"s":{"0":1,"1":1,"2":2,"3":0,"4":2,"5":1},"f":{"0":2,"1":0},"b":{}}
,"D:\\Studing\\RS-SCHOOL\\rsschoolreactrepo\\src\\components\\Header\\Header.tsx": {"path":"D:\\Studing\\RS-SCHOOL\\rsschoolreactrepo\\src\\components\\Header\\Header.tsx","statementMap":{"0":{"start":{"line":1,"column":0},"end":{"line":1,"column":33}},"1":{"start":{"line":2,"column":0},"end":{"line":2,"column":55}},"2":{"start":{"line":3,"column":0},"end":{"line":3,"column":54}},"3":{"start":{"line":5,"column":0},"end":{"line":5,"column":55}},"4":{"start":{"line":7,"column":15},"end":{"line":18,"column":1}},"5":{"start":{"line":8,"column":28},"end":{"line":8,"column":61}},"6":{"start":{"line":10,"column":2},"end":{"line":17,"column":4}},"7":{"start":{"line":20,"column":0},"end":{"line":20,"column":22}}},"fnMap":{"0":{"name":"(anonymous_1)","decl":{"start":{"line":7,"column":15},"end":{"line":7,"column":18}},"loc":{"start":{"line":7,"column":20},"end":{"line":18,"column":1}}}},"branchMap":{},"s":{"0":1,"1":1,"2":1,"3":1,"4":1,"5":0,"6":0,"7":1},"f":{"0":0},"b":{}}
,"D:\\Studing\\RS-SCHOOL\\rsschoolreactrepo\\src\\components\\Layout\\Layout.tsx": {"path":"D:\\Studing\\RS-SCHOOL\\rsschoolreactrepo\\src\\components\\Layout\\Layout.tsx","statementMap":{"0":{"start":{"line":1,"column":0},"end":{"line":1,"column":42}},"1":{"start":{"line":2,"column":0},"end":{"line":2,"column":38}},"2":{"start":{"line":4,"column":15},"end":{"line":11,"column":1}},"3":{"start":{"line":5,"column":2},"end":{"line":10,"column":4}},"4":{"start":{"line":12,"column":0},"end":{"line":12,"column":22}}},"fnMap":{"0":{"name":"(anonymous_1)","decl":{"start":{"line":4,"column":15},"end":{"line":4,"column":18}},"loc":{"start":{"line":4,"column":20},"end":{"line":11,"column":1}}}},"branchMap":{},"s":{"0":1,"1":1,"2":1,"3":0,"4":1},"f":{"0":0},"b":{}}
,"D:\\Studing\\RS-SCHOOL\\rsschoolreactrepo\\src\\components\\Pagination\\Pagination.tsx": {"path":"D:\\Studing\\RS-SCHOOL\\rsschoolreactrepo\\src\\components\\Pagination\\Pagination.tsx","statementMap":{"0":{"start":{"line":1,"column":0},"end":{"line":1,"column":51}},"1":{"start":{"line":2,"column":0},"end":{"line":2,"column":46}},"2":{"start":{"line":3,"column":0},"end":{"line":3,"column":43}},"3":{"start":{"line":5,"column":18},"end":{"line":52,"column":1}},"4":{"start":{"line":6,"column":38},"end":{"line":6,"column":49}},"5":{"start":{"line":7,"column":38},"end":{"line":7,"column":49}},"6":{"start":{"line":8,"column":26},"end":{"line":8,"column":37}},"7":{"start":{"line":9,"column":2},"end":{"line":9,"column":26}},"8":{"start":{"line":10,"column":22},"end":{"line":10,"column":52}},"9":{"start":{"line":12,"column":2},"end":{"line":19,"column":5}},"10":{"start":{"line":13,"column":4},"end":{"line":18,"column":9}},"11":{"start":{"line":14,"column":21},"end":{"line":14,"column":31}},"12":{"start":{"line":16,"column":8},"end":{"line":16,"column":39}},"13":{"start":{"line":17,"column":8},"end":{"line":17,"column":39}},"14":{"start":{"line":21,"column":21},"end":{"line":21,"column":47}},"15":{"start":{"line":22,"column":16},"end":{"line":22,"column":18}},"16":{"start":{"line":23,"column":2},"end":{"line":25,"column":null}},"17":{"start":{"line":23,"column":15},"end":{"line":23,"column":16}},"18":{"start":{"line":24,"column":4},"end":{"line":24,"column":18}},"19":{"start":{"line":26,"column":15},"end":{"line":26,"column":19}},"20":{"start":{"line":27,"column":16},"end":{"line":27,"column":43}},"21":{"start":{"line":28,"column":16},"end":{"line":28,"column":24}},"22":{"start":{"line":29,"column":22},"end":{"line":29,"column":47}},"23":{"start":{"line":30,"column":2},"end":{"line":30,"column":26}},"24":{"start":{"line":31,"column":2},"end":{"line":51,"column":4}},"25":{"start":{"line":40,"column":8},"end":{"line":43,"column":null}},"26":{"start":{"line":42,"column":40},"end":{"line":42,"column":77}},"27":{"start":{"line":44,"column":25},"end":{"line":44,"column":36}},"28":{"start":{"line":54,"column":0},"end":{"line":54,"column":25}}},"fnMap":{"0":{"name":"(anonymous_1)","decl":{"start":{"line":5,"column":18},"end":{"line":5,"column":21}},"loc":{"start":{"line":5,"column":23},"end":{"line":52,"column":1}}},"1":{"name":"(anonymous_2)","decl":{"start":{"line":12,"column":12},"end":{"line":12,"column":15}},"loc":{"start":{"line":12,"column":17},"end":{"line":19,"column":3}}},"2":{"name":"(anonymous_3)","decl":{"start":{"line":14,"column":12},"end":{"line":14,"column":13}},"loc":{"start":{"line":14,"column":21},"end":{"line":14,"column":31}}},"3":{"name":"(anonymous_4)","decl":{"start":{"line":15,"column":12},"end":{"line":15,"column":13}},"loc":{"start":{"line":15,"column":21},"end":{"line":18,"column":7}}},"4":{"name":"(anonymous_5)","decl":{"start":{"line":39,"column":23},"end":{"line":39,"column":24}},"loc":{"start":{"line":40,"column":8},"end":{"line":43,"column":null}}},"5":{"name":"(anonymous_6)","decl":{"start":{"line":42,"column":21},"end":{"line":42,"column":22}},"loc":{"start":{"line":42,"column":40},"end":{"line":42,"column":77}}},"6":{"name":"(anonymous_7)","decl":{"start":{"line":44,"column":19},"end":{"line":44,"column":22}},"loc":{"start":{"line":44,"column":25},"end":{"line":44,"column":36}}}},"branchMap":{"0":{"loc":{"start":{"line":27,"column":16},"end":{"line":27,"column":43}},"type":"cond-expr","locations":[{"start":{"line":27,"column":31},"end":{"line":27,"column":32}},{"start":{"line":27,"column":35},"end":{"line":27,"column":43}}]},"1":{"loc":{"start":{"line":34,"column":8},"end":{"line":36,"column":34}},"type":"cond-expr","locations":[{"start":{"line":35,"column":12},"end":{"line":35,"column":54}},{"start":{"line":36,"column":12},"end":{"line":36,"column":34}}]},"2":{"loc":{"start":{"line":42,"column":40},"end":{"line":42,"column":77}},"type":"cond-expr","locations":[{"start":{"line":42,"column":51},"end":{"line":42,"column":65}},{"start":{"line":42,"column":68},"end":{"line":42,"column":77}}]}},"s":{"0":1,"1":1,"2":1,"3":1,"4":0,"5":0,"6":0,"7":0,"8":0,"9":0,"10":0,"11":0,"12":0,"13":0,"14":0,"15":0,"16":0,"17":0,"18":0,"19":0,"20":0,"21":0,"22":0,"23":0,"24":0,"25":0,"26":0,"27":0,"28":1},"f":{"0":0,"1":0,"2":0,"3":0,"4":0,"5":0,"6":0},"b":{"0":[0,0],"1":[0,0],"2":[0,0]}}
,"D:\\Studing\\RS-SCHOOL\\rsschoolreactrepo\\src\\components\\Person\\Person.tsx": {"path":"D:\\Studing\\RS-SCHOOL\\rsschoolreactrepo\\src\\components\\Person\\Person.tsx","statementMap":{"0":{"start":{"line":1,"column":0},"end":{"line":1,"column":58}},"1":{"start":{"line":2,"column":0},"end":{"line":2,"column":44}},"2":{"start":{"line":4,"column":0},"end":{"line":4,"column":42}},"3":{"start":{"line":5,"column":0},"end":{"line":5,"column":38}},"4":{"start":{"line":7,"column":15},"end":{"line":78,"column":1}},"5":{"start":{"line":8,"column":23},"end":{"line":8,"column":34}},"6":{"start":{"line":9,"column":30},"end":{"line":9,"column":57}},"7":{"start":{"line":10,"column":19},"end":{"line":10,"column":32}},"8":{"start":{"line":11,"column":21},"end":{"line":14,"column":3}},"9":{"start":{"line":12,"column":4},"end":{"line":12,"column":17}},"10":{"start":{"line":13,"column":4},"end":{"line":13,"column":39}},"11":{"start":{"line":15,"column":14},"end":{"line":18,"column":4}},"12":{"start":{"line":19,"column":40},"end":{"line":19,"column":53}},"13":{"start":{"line":20,"column":2},"end":{"line":30,"column":17}},"14":{"start":{"line":21,"column":4},"end":{"line":29,"column":9}},"15":{"start":{"line":22,"column":21},"end":{"line":22,"column":31}},"16":{"start":{"line":24,"column":8},"end":{"line":24,"column":26}},"17":{"start":{"line":25,"column":8},"end":{"line":28,"column":11}},"18":{"start":{"line":31,"column":2},"end":{"line":31,"column":27}},"19":{"start":{"line":32,"column":2},"end":{"line":77,"column":null}},"20":{"start":{"line":33,"column":21},"end":{"line":33,"column":41}},"21":{"start":{"line":34,"column":4},"end":{"line":76,"column":null}},"22":{"start":{"line":35,"column":6},"end":{"line":35,"column":24}},"23":{"start":{"line":36,"column":11},"end":{"line":76,"column":null}},"24":{"start":{"line":37,"column":6},"end":{"line":75,"column":8}},"25":{"start":{"line":79,"column":0},"end":{"line":79,"column":22}}},"fnMap":{"0":{"name":"(anonymous_1)","decl":{"start":{"line":7,"column":15},"end":{"line":7,"column":18}},"loc":{"start":{"line":7,"column":20},"end":{"line":78,"column":1}}},"1":{"name":"(anonymous_2)","decl":{"start":{"line":11,"column":21},"end":{"line":11,"column":24}},"loc":{"start":{"line":11,"column":26},"end":{"line":14,"column":3}}},"2":{"name":"(anonymous_3)","decl":{"start":{"line":20,"column":12},"end":{"line":20,"column":15}},"loc":{"start":{"line":20,"column":17},"end":{"line":30,"column":3}}},"3":{"name":"(anonymous_4)","decl":{"start":{"line":22,"column":12},"end":{"line":22,"column":13}},"loc":{"start":{"line":22,"column":21},"end":{"line":22,"column":31}}},"4":{"name":"(anonymous_5)","decl":{"start":{"line":23,"column":12},"end":{"line":23,"column":13}},"loc":{"start":{"line":23,"column":23},"end":{"line":29,"column":7}}}},"branchMap":{"0":{"loc":{"start":{"line":32,"column":2},"end":{"line":77,"column":null}},"type":"if","locations":[{"start":{"line":32,"column":2},"end":{"line":77,"column":null}}]},"1":{"loc":{"start":{"line":34,"column":4},"end":{"line":76,"column":null}},"type":"if","locations":[{"start":{"line":34,"column":4},"end":{"line":76,"column":null}},{"start":{"line":36,"column":11},"end":{"line":76,"column":null}}]},"2":{"loc":{"start":{"line":36,"column":11},"end":{"line":76,"column":null}},"type":"if","locations":[{"start":{"line":36,"column":11},"end":{"line":76,"column":null}}]},"3":{"loc":{"start":{"line":36,"column":15},"end":{"line":36,"column":58}},"type":"binary-expr","locations":[{"start":{"line":36,"column":15},"end":{"line":36,"column":21}},{"start":{"line":36,"column":25},"end":{"line":36,"column":40}},{"start":{"line":36,"column":44},"end":{"line":36,"column":58}}]}},"s":{"0":1,"1":1,"2":1,"3":1,"4":1,"5":0,"6":0,"7":0,"8":0,"9":0,"10":0,"11":0,"12":0,"13":0,"14":0,"15":0,"16":0,"17":0,"18":0,"19":0,"20":0,"21":0,"22":0,"23":0,"24":0,"25":1},"f":{"0":0,"1":0,"2":0,"3":0,"4":0},"b":{"0":[0],"1":[0,0],"2":[0],"3":[0,0,0]}}
,"D:\\Studing\\RS-SCHOOL\\rsschoolreactrepo\\src\\components\\SelectorBtn\\SelectorBtn.tsx": {"path":"D:\\Studing\\RS-SCHOOL\\rsschoolreactrepo\\src\\components\\SelectorBtn\\SelectorBtn.tsx","statementMap":{"0":{"start":{"line":1,"column":0},"end":{"line":1,"column":47}},"1":{"start":{"line":3,"column":20},"end":{"line":29,"column":1}},"2":{"start":{"line":4,"column":29},"end":{"line":7,"column":3}},"3":{"start":{"line":5,"column":18},"end":{"line":5,"column":43}},"4":{"start":{"line":6,"column":4},"end":{"line":6,"column":46}},"5":{"start":{"line":8,"column":22},"end":{"line":8,"column":52}},"6":{"start":{"line":10,"column":2},"end":{"line":28,"column":4}},"7":{"start":{"line":31,"column":0},"end":{"line":31,"column":27}}},"fnMap":{"0":{"name":"(anonymous_1)","decl":{"start":{"line":3,"column":20},"end":{"line":3,"column":23}},"loc":{"start":{"line":3,"column":25},"end":{"line":29,"column":1}}},"1":{"name":"(anonymous_2)","decl":{"start":{"line":4,"column":29},"end":{"line":4,"column":30}},"loc":{"start":{"line":4,"column":83},"end":{"line":7,"column":3}}}},"branchMap":{"0":{"loc":{"start":{"line":15,"column":12},"end":{"line":17,"column":38}},"type":"cond-expr","locations":[{"start":{"line":16,"column":16},"end":{"line":16,"column":58}},{"start":{"line":17,"column":16},"end":{"line":17,"column":38}}]}},"s":{"0":1,"1":1,"2":0,"3":0,"4":0,"5":0,"6":0,"7":1},"f":{"0":0,"1":0},"b":{"0":[0,0]}}
,"D:\\Studing\\RS-SCHOOL\\rsschoolreactrepo\\src\\components\\input-search\\InputSearch.tsx": {"path":"D:\\Studing\\RS-SCHOOL\\rsschoolreactrepo\\src\\components\\input-search\\InputSearch.tsx","statementMap":{"0":{"start":{"line":1,"column":0},"end":{"line":1,"column":47}},"1":{"start":{"line":2,"column":0},"end":{"line":2,"column":72}},"2":{"start":{"line":3,"column":0},"end":{"line":3,"column":35}},"3":{"start":{"line":5,"column":20},"end":{"line":39,"column":1}},"4":{"start":{"line":6,"column":30},"end":{"line":6,"column":71}},"5":{"start":{"line":7,"column":22},"end":{"line":7,"column":52}},"6":{"start":{"line":9,"column":23},"end":{"line":12,"column":3}},"7":{"start":{"line":10,"column":21},"end":{"line":10,"column":60}},"8":{"start":{"line":11,"column":4},"end":{"line":11,"column":34}},"9":{"start":{"line":14,"column":27},"end":{"line":21,"column":3}},"10":{"start":{"line":15,"column":4},"end":{"line":20,"column":null}},"11":{"start":{"line":16,"column":19},"end":{"line":16,"column":41}},"12":{"start":{"line":17,"column":6},"end":{"line":17,"column":47}},"13":{"start":{"line":19,"column":6},"end":{"line":19,"column":45}},"14":{"start":{"line":22,"column":2},"end":{"line":38,"column":4}},"15":{"start":{"line":41,"column":0},"end":{"line":41,"column":27}}},"fnMap":{"0":{"name":"(anonymous_1)","decl":{"start":{"line":5,"column":20},"end":{"line":5,"column":23}},"loc":{"start":{"line":5,"column":25},"end":{"line":39,"column":1}}},"1":{"name":"(anonymous_2)","decl":{"start":{"line":9,"column":23},"end":{"line":9,"column":24}},"loc":{"start":{"line":9,"column":68},"end":{"line":12,"column":3}}},"2":{"name":"(anonymous_3)","decl":{"start":{"line":14,"column":27},"end":{"line":14,"column":36}},"loc":{"start":{"line":14,"column":38},"end":{"line":21,"column":3}}}},"branchMap":{"0":{"loc":{"start":{"line":15,"column":4},"end":{"line":20,"column":null}},"type":"if","locations":[{"start":{"line":15,"column":4},"end":{"line":20,"column":null}},{"start":{"line":18,"column":11},"end":{"line":20,"column":null}}]},"1":{"loc":{"start":{"line":26,"column":10},"end":{"line":28,"column":39}},"type":"cond-expr","locations":[{"start":{"line":27,"column":14},"end":{"line":27,"column":59}},{"start":{"line":28,"column":14},"end":{"line":28,"column":39}}]}},"s":{"0":2,"1":2,"2":2,"3":2,"4":2,"5":2,"6":2,"7":0,"8":0,"9":2,"10":1,"11":1,"12":1,"13":0,"14":2,"15":2},"f":{"0":2,"1":0,"2":1},"b":{"0":[1,0],"1":[0,2]}}
,"D:\\Studing\\RS-SCHOOL\\rsschoolreactrepo\\src\\components\\loader\\Loader.tsx": {"path":"D:\\Studing\\RS-SCHOOL\\rsschoolreactrepo\\src\\components\\loader\\Loader.tsx","statementMap":{"0":{"start":{"line":1,"column":0},"end":{"line":1,"column":42}},"1":{"start":{"line":3,"column":15},"end":{"line":14,"column":1}},"2":{"start":{"line":4,"column":2},"end":{"line":13,"column":4}},"3":{"start":{"line":16,"column":0},"end":{"line":16,"column":22}}},"fnMap":{"0":{"name":"(anonymous_1)","decl":{"start":{"line":3,"column":15},"end":{"line":3,"column":18}},"loc":{"start":{"line":3,"column":20},"end":{"line":14,"column":1}}}},"branchMap":{},"s":{"0":1,"1":1,"2":0,"3":1},"f":{"0":0},"b":{}}
,"D:\\Studing\\RS-SCHOOL\\rsschoolreactrepo\\src\\components\\main-page\\ItemOnPage.tsx": {"path":"D:\\Studing\\RS-SCHOOL\\rsschoolreactrepo\\src\\components\\main-page\\ItemOnPage.tsx","statementMap":{"0":{"start":{"line":1,"column":0},"end":{"line":1,"column":46}},"1":{"start":{"line":3,"column":0},"end":{"line":3,"column":43}},"2":{"start":{"line":4,"column":0},"end":{"line":4,"column":33}},"3":{"start":{"line":5,"column":19},"end":{"line":38,"column":1}},"4":{"start":{"line":6,"column":28},"end":{"line":6,"column":47}},"5":{"start":{"line":8,"column":23},"end":{"line":11,"column":3}},"6":{"start":{"line":9,"column":4},"end":{"line":9,"column":42}},"7":{"start":{"line":10,"column":4},"end":{"line":10,"column":37}},"8":{"start":{"line":12,"column":22},"end":{"line":12,"column":52}},"9":{"start":{"line":14,"column":2},"end":{"line":37,"column":4}},"10":{"start":{"line":40,"column":0},"end":{"line":40,"column":26}}},"fnMap":{"0":{"name":"(anonymous_1)","decl":{"start":{"line":5,"column":19},"end":{"line":5,"column":20}},"loc":{"start":{"line":5,"column":35},"end":{"line":38,"column":1}}},"1":{"name":"(anonymous_2)","decl":{"start":{"line":8,"column":23},"end":{"line":8,"column":24}},"loc":{"start":{"line":8,"column":57},"end":{"line":11,"column":3}}}},"branchMap":{"0":{"loc":{"start":{"line":21,"column":12},"end":{"line":21,"column":97}},"type":"cond-expr","locations":[{"start":{"line":21,"column":40},"end":{"line":21,"column":77}},{"start":{"line":21,"column":80},"end":{"line":21,"column":97}}]}},"s":{"0":1,"1":1,"2":1,"3":1,"4":0,"5":0,"6":0,"7":0,"8":0,"9":0,"10":1},"f":{"0":0,"1":0},"b":{"0":[0,0]}}
,"D:\\Studing\\RS-SCHOOL\\rsschoolreactrepo\\src\\components\\main-page\\ListItems.tsx": {"path":"D:\\Studing\\RS-SCHOOL\\rsschoolreactrepo\\src\\components\\main-page\\ListItems.tsx","statementMap":{"0":{"start":{"line":1,"column":0},"end":{"line":1,"column":35}},"1":{"start":{"line":3,"column":0},"end":{"line":3,"column":38}},"2":{"start":{"line":4,"column":0},"end":{"line":4,"column":66}},"3":{"start":{"line":10,"column":18},"end":{"line":31,"column":1}},"4":{"start":{"line":11,"column":20},"end":{"line":11,"column":57}},"5":{"start":{"line":12,"column":16},"end":{"line":12,"column":28}},"6":{"start":{"line":13,"column":2},"end":{"line":30,"column":null}},"7":{"start":{"line":14,"column":4},"end":{"line":29,"column":6}},"8":{"start":{"line":17,"column":10},"end":{"line":18,"column":null}},"9":{"start":{"line":33,"column":0},"end":{"line":33,"column":25}}},"fnMap":{"0":{"name":"(anonymous_1)","decl":{"start":{"line":10,"column":18},"end":{"line":10,"column":21}},"loc":{"start":{"line":10,"column":23},"end":{"line":31,"column":1}}},"1":{"name":"(anonymous_2)","decl":{"start":{"line":16,"column":19},"end":{"line":16,"column":20}},"loc":{"start":{"line":17,"column":10},"end":{"line":18,"column":null}}}},"branchMap":{"0":{"loc":{"start":{"line":13,"column":2},"end":{"line":30,"column":null}},"type":"if","locations":[{"start":{"line":13,"column":2},"end":{"line":30,"column":null}}]}},"s":{"0":1,"1":1,"2":1,"3":1,"4":0,"5":0,"6":0,"7":0,"8":0,"9":1},"f":{"0":0,"1":0},"b":{"0":[0]}}
,"D:\\Studing\\RS-SCHOOL\\rsschoolreactrepo\\src\\components\\main-page\\MainPage.tsx": {"path":"D:\\Studing\\RS-SCHOOL\\rsschoolreactrepo\\src\\components\\main-page\\MainPage.tsx","statementMap":{"0":{"start":{"line":1,"column":0},"end":{"line":1,"column":46}},"1":{"start":{"line":2,"column":0},"end":{"line":2,"column":46}},"2":{"start":{"line":3,"column":0},"end":{"line":3,"column":38}},"3":{"start":{"line":4,"column":0},"end":{"line":4,"column":50}},"4":{"start":{"line":5,"column":0},"end":{"line":5,"column":66}},"5":{"start":{"line":6,"column":0},"end":{"line":6,"column":53}},"6":{"start":{"line":7,"column":0},"end":{"line":7,"column":66}},"7":{"start":{"line":8,"column":0},"end":{"line":8,"column":36}},"8":{"start":{"line":10,"column":17},"end":{"line":121,"column":1}},"9":{"start":{"line":11,"column":21},"end":{"line":11,"column":55}},"10":{"start":{"line":12,"column":19},"end":{"line":12,"column":61}},"11":{"start":{"line":13,"column":22},"end":{"line":13,"column":52}},"12":{"start":{"line":14,"column":19},"end":{"line":14,"column":32}},"13":{"start":{"line":16,"column":30},"end":{"line":16,"column":67}},"14":{"start":{"line":17,"column":2},"end":{"line":17,"column":21}},"15":{"start":{"line":19,"column":17},"end":{"line":19,"column":28}},"16":{"start":{"line":20,"column":2},"end":{"line":22,"column":null}},"17":{"start":{"line":21,"column":4},"end":{"line":21,"column":19}},"18":{"start":{"line":23,"column":21},"end":{"line":28,"column":3}},"19":{"start":{"line":24,"column":4},"end":{"line":27,"column":null}},"20":{"start":{"line":25,"column":6},"end":{"line":25,"column":41}},"21":{"start":{"line":26,"column":6},"end":{"line":26,"column":19}},"22":{"start":{"line":29,"column":2},"end":{"line":67,"column":45}},"23":{"start":{"line":30,"column":4},"end":{"line":66,"column":null}},"24":{"start":{"line":31,"column":6},"end":{"line":38,"column":11}},"25":{"start":{"line":32,"column":23},"end":{"line":32,"column":33}},"26":{"start":{"line":34,"column":10},"end":{"line":37,"column":13}},"27":{"start":{"line":39,"column":11},"end":{"line":66,"column":null}},"28":{"start":{"line":40,"column":6},"end":{"line":47,"column":11}},"29":{"start":{"line":41,"column":23},"end":{"line":41,"column":33}},"30":{"start":{"line":43,"column":10},"end":{"line":46,"column":13}},"31":{"start":{"line":48,"column":11},"end":{"line":66,"column":null}},"32":{"start":{"line":49,"column":6},"end":{"line":56,"column":11}},"33":{"start":{"line":50,"column":23},"end":{"line":50,"column":33}},"34":{"start":{"line":52,"column":10},"end":{"line":55,"column":13}},"35":{"start":{"line":57,"column":11},"end":{"line":66,"column":null}},"36":{"start":{"line":58,"column":6},"end":{"line":65,"column":11}},"37":{"start":{"line":59,"column":23},"end":{"line":59,"column":33}},"38":{"start":{"line":61,"column":10},"end":{"line":64,"column":13}},"39":{"start":{"line":68,"column":2},"end":{"line":75,"column":5}},"40":{"start":{"line":69,"column":4},"end":{"line":74,"column":null}},"41":{"start":{"line":70,"column":6},"end":{"line":70,"column":46}},"42":{"start":{"line":71,"column":6},"end":{"line":71,"column":43}},"43":{"start":{"line":73,"column":6},"end":{"line":73,"column":47}},"44":{"start":{"line":77,"column":2},"end":{"line":120,"column":null}},"45":{"start":{"line":78,"column":20},"end":{"line":78,"column":34}},"46":{"start":{"line":79,"column":18},"end":{"line":79,"column":29}},"47":{"start":{"line":80,"column":4},"end":{"line":119,"column":null}},"48":{"start":{"line":81,"column":6},"end":{"line":81,"column":24}},"49":{"start":{"line":82,"column":11},"end":{"line":119,"column":null}},"50":{"start":{"line":83,"column":6},"end":{"line":83,"column":32}},"51":{"start":{"line":84,"column":6},"end":{"line":116,"column":8}},"52":{"start":{"line":118,"column":6},"end":{"line":118,"column":68}},"53":{"start":{"line":123,"column":0},"end":{"line":123,"column":24}}},"fnMap":{"0":{"name":"(anonymous_1)","decl":{"start":{"line":10,"column":17},"end":{"line":10,"column":20}},"loc":{"start":{"line":10,"column":22},"end":{"line":121,"column":1}}},"1":{"name":"(anonymous_2)","decl":{"start":{"line":23,"column":21},"end":{"line":23,"column":24}},"loc":{"start":{"line":23,"column":26},"end":{"line":28,"column":3}}},"2":{"name":"(anonymous_3)","decl":{"start":{"line":29,"column":12},"end":{"line":29,"column":15}},"loc":{"start":{"line":29,"column":17},"end":{"line":67,"column":3}}},"3":{"name":"(anonymous_4)","decl":{"start":{"line":32,"column":14},"end":{"line":32,"column":15}},"loc":{"start":{"line":32,"column":23},"end":{"line":32,"column":33}}},"4":{"name":"(anonymous_5)","decl":{"start":{"line":33,"column":14},"end":{"line":33,"column":15}},"loc":{"start":{"line":33,"column":25},"end":{"line":38,"column":9}}},"5":{"name":"(anonymous_6)","decl":{"start":{"line":41,"column":14},"end":{"line":41,"column":15}},"loc":{"start":{"line":41,"column":23},"end":{"line":41,"column":33}}},"6":{"name":"(anonymous_7)","decl":{"start":{"line":42,"column":14},"end":{"line":42,"column":15}},"loc":{"start":{"line":42,"column":25},"end":{"line":47,"column":9}}},"7":{"name":"(anonymous_8)","decl":{"start":{"line":50,"column":14},"end":{"line":50,"column":15}},"loc":{"start":{"line":50,"column":23},"end":{"line":50,"column":33}}},"8":{"name":"(anonymous_9)","decl":{"start":{"line":51,"column":14},"end":{"line":51,"column":15}},"loc":{"start":{"line":51,"column":25},"end":{"line":56,"column":9}}},"9":{"name":"(anonymous_10)","decl":{"start":{"line":59,"column":14},"end":{"line":59,"column":15}},"loc":{"start":{"line":59,"column":23},"end":{"line":59,"column":33}}},"10":{"name":"(anonymous_11)","decl":{"start":{"line":60,"column":14},"end":{"line":60,"column":15}},"loc":{"start":{"line":60,"column":25},"end":{"line":65,"column":9}}},"11":{"name":"(anonymous_12)","decl":{"start":{"line":68,"column":12},"end":{"line":68,"column":15}},"loc":{"start":{"line":68,"column":17},"end":{"line":75,"column":3}}}},"branchMap":{"0":{"loc":{"start":{"line":20,"column":2},"end":{"line":22,"column":null}},"type":"if","locations":[{"start":{"line":20,"column":2},"end":{"line":22,"column":null}}]},"1":{"loc":{"start":{"line":24,"column":4},"end":{"line":27,"column":null}},"type":"if","locations":[{"start":{"line":24,"column":4},"end":{"line":27,"column":null}}]},"2":{"loc":{"start":{"line":30,"column":4},"end":{"line":66,"column":null}},"type":"if","locations":[{"start":{"line":30,"column":4},"end":{"line":66,"column":null}},{"start":{"line":39,"column":11},"end":{"line":66,"column":null}}]},"3":{"loc":{"start":{"line":39,"column":11},"end":{"line":66,"column":null}},"type":"if","locations":[{"start":{"line":39,"column":11},"end":{"line":66,"column":null}},{"start":{"line":48,"column":11},"end":{"line":66,"column":null}}]},"4":{"loc":{"start":{"line":39,"column":15},"end":{"line":39,"column":48}},"type":"binary-expr","locations":[{"start":{"line":39,"column":15},"end":{"line":39,"column":33}},{"start":{"line":39,"column":37},"end":{"line":39,"column":48}}]},"5":{"loc":{"start":{"line":48,"column":11},"end":{"line":66,"column":null}},"type":"if","locations":[{"start":{"line":48,"column":11},"end":{"line":66,"column":null}},{"start":{"line":57,"column":11},"end":{"line":66,"column":null}}]},"6":{"loc":{"start":{"line":48,"column":15},"end":{"line":48,"column":52}},"type":"binary-expr","locations":[{"start":{"line":48,"column":15},"end":{"line":48,"column":25}},{"start":{"line":48,"column":29},"end":{"line":48,"column":52}}]},"7":{"loc":{"start":{"line":57,"column":11},"end":{"line":66,"column":null}},"type":"if","locations":[{"start":{"line":57,"column":11},"end":{"line":66,"column":null}}]},"8":{"loc":{"start":{"line":69,"column":4},"end":{"line":74,"column":null}},"type":"if","locations":[{"start":{"line":69,"column":4},"end":{"line":74,"column":null}},{"start":{"line":72,"column":11},"end":{"line":74,"column":null}}]},"9":{"loc":{"start":{"line":77,"column":2},"end":{"line":120,"column":null}},"type":"if","locations":[{"start":{"line":77,"column":2},"end":{"line":120,"column":null}}]},"10":{"loc":{"start":{"line":80,"column":4},"end":{"line":119,"column":null}},"type":"if","locations":[{"start":{"line":80,"column":4},"end":{"line":119,"column":null}},{"start":{"line":82,"column":11},"end":{"line":119,"column":null}}]},"11":{"loc":{"start":{"line":82,"column":11},"end":{"line":119,"column":null}},"type":"if","locations":[{"start":{"line":82,"column":11},"end":{"line":119,"column":null}},{"start":{"line":117,"column":11},"end":{"line":119,"column":null}}]},"12":{"loc":{"start":{"line":106,"column":16},"end":{"line":108,"column":43}},"type":"cond-expr","locations":[{"start":{"line":107,"column":20},"end":{"line":107,"column":61}},{"start":{"line":108,"column":20},"end":{"line":108,"column":43}}]}},"s":{"0":1,"1":1,"2":1,"3":1,"4":1,"5":1,"6":1,"7":1,"8":1,"9":0,"10":0,"11":0,"12":0,"13":0,"14":0,"15":0,"16":0,"17":0,"18":0,"19":0,"20":0,"21":0,"22":0,"23":0,"24":0,"25":0,"26":0,"27":0,"28":0,"29":0,"30":0,"31":0,"32":0,"33":0,"34":0,"35":0,"36":0,"37":0,"38":0,"39":0,"40":0,"41":0,"42":0,"43":0,"44":0,"45":0,"46":0,"47":0,"48":0,"49":0,"50":0,"51":0,"52":0,"53":1},"f":{"0":0,"1":0,"2":0,"3":0,"4":0,"5":0,"6":0,"7":0,"8":0,"9":0,"10":0,"11":0},"b":{"0":[0],"1":[0],"2":[0,0],"3":[0,0],"4":[0,0],"5":[0,0],"6":[0,0],"7":[0],"8":[0,0],"9":[0],"10":[0,0],"11":[0,0],"12":[0,0]}}
}
