TN:
SF:src\App.tsx
FN:8,(anonymous_1)
FNF:1
FNH:1
FNDA:4,(anonymous_1)
DA:1,1
DA:2,1
DA:3,1
DA:4,1
DA:5,1
DA:6,1
DA:8,1
DA:9,4
DA:28,1
LF:9
LH:9
BRF:0
BRH:0
end_of_record
TN:
SF:src\components\ErrorBoundary\ErrorBoundary.tsx
FN:10,(anonymous_1)
FN:14,(anonymous_2)
FN:18,(anonymous_3)
FNF:3
FNH:3
FNDA:4,(anonymous_1)
FNDA:2,(anonymous_2)
FNDA:5,(anonymous_3)
DA:1,1
DA:2,1
DA:6,3
DA:11,4
DA:15,2
DA:19,5
DA:20,2
DA:23,3
DA:27,1
LF:9
LH:9
BRDA:19,0,0,2
BRF:1
BRH:1
end_of_record
TN:
SF:src\components\ErrorBoundary\ErrorButton.tsx
FN:4,(anonymous_1)
FN:8,(anonymous_2)
FNF:2
FNH:1
FNDA:3,(anonymous_1)
FNDA:0,(anonymous_2)
DA:1,1
DA:2,1
DA:4,1
DA:5,3
DA:6,3
DA:8,3
DA:9,0
DA:11,3
DA:12,3
DA:30,0
DA:34,1
LF:11
LH:9
BRDA:11,0,0,3
BRDA:11,0,1,0
BRDA:17,1,0,0
BRDA:17,1,1,3
BRF:4
BRH:2
end_of_record
TN:
SF:src\components\ErrorBoundary\ErrorNavigation.tsx
FN:5,(anonymous_1)
FN:12,(anonymous_2)
FNF:2
FNH:1
FNDA:1,(anonymous_1)
FNDA:0,(anonymous_2)
DA:2,1
DA:3,1
DA:5,1
DA:6,1
DA:7,1
DA:12,0
DA:20,1
LF:7
LH:6
BRF:0
BRH:0
end_of_record
TN:
SF:src\components\ErrorBoundary\ErrorPage.tsx
FN:3,(anonymous_1)
FN:4,(anonymous_2)
FNF:2
FNH:1
FNDA:3,(anonymous_1)
FNDA:0,(anonymous_2)
DA:1,1
DA:3,1
DA:4,3
DA:5,0
DA:7,3
DA:23,1
LF:6
LH:5
BRF:0
BRH:0
end_of_record
TN:
SF:src\components\Header\Header.tsx
FN:6,(anonymous_1)
FNF:1
FNH:1
FNDA:3,(anonymous_1)
DA:1,1
DA:2,1
DA:3,1
DA:4,1
DA:6,1
DA:7,3
DA:17,1
LF:7
LH:7
BRF:0
BRH:0
end_of_record
TN:
SF:src\components\Layout\Layout.tsx
FN:4,(anonymous_1)
FNF:1
FNH:1
FNDA:3,(anonymous_1)
DA:1,1
DA:2,1
DA:4,1
DA:5,3
DA:12,1
LF:5
LH:5
BRF:0
BRH:0
end_of_record
TN:
SF:src\components\Pagination\Pagination.tsx
FN:5,Paginator
FN:30,(anonymous_2)
FN:33,(anonymous_3)
FN:35,(anonymous_4)
FNF:4
FNH:4
FNDA:5,Paginator
FNDA:32,(anonymous_2)
FNDA:32,(anonymous_3)
FNDA:2,(anonymous_4)
DA:1,2
DA:2,2
DA:3,2
DA:5,2
DA:6,5
DA:7,5
DA:8,5
DA:9,5
DA:10,5
DA:12,5
DA:13,5
DA:14,5
DA:15,210
DA:17,5
DA:18,5
DA:19,5
DA:20,5
DA:21,5
DA:22,5
DA:31,32
DA:33,32
DA:35,2
LF:22
LH:22
BRDA:18,0,0,5
BRDA:18,0,1,0
BRDA:25,1,0,0
BRDA:25,1,1,5
BRDA:33,2,0,2
BRDA:33,2,1,30
BRF:6
BRH:4
end_of_record
TN:
SF:src\components\Person\Person.tsx
FN:9,(anonymous_1)
FN:13,(anonymous_2)
FN:24,(anonymous_3)
FN:26,(anonymous_4)
FN:27,(anonymous_5)
FNF:5
FNH:2
FNDA:3,(anonymous_1)
FNDA:0,(anonymous_2)
FNDA:3,(anonymous_3)
FNDA:0,(anonymous_4)
FNDA:0,(anonymous_5)
DA:1,2
DA:2,2
DA:4,2
DA:5,2
DA:6,2
DA:7,2
DA:9,2
DA:10,3
DA:11,3
DA:12,3
DA:13,3
DA:14,0
DA:15,0
DA:17,3
DA:21,3
DA:22,3
DA:23,3
DA:24,3
DA:25,3
DA:26,0
DA:28,0
DA:29,0
DA:33,0
DA:36,3
DA:37,3
DA:38,3
DA:39,3
DA:40,3
DA:46,0
DA:47,0
DA:89,2
LF:31
LH:23
BRDA:37,0,0,3
BRDA:39,1,0,3
BRDA:39,1,1,0
BRDA:46,2,0,0
BRDA:46,3,0,0
BRDA:46,3,1,0
BRDA:46,3,2,0
BRF:7
BRH:2
end_of_record
TN:
SF:src\components\SelectorBtn\SelectorBtn.tsx
FN:4,(anonymous_1)
FN:7,(anonymous_2)
FNF:2
FNH:1
FNDA:3,(anonymous_1)
FNDA:0,(anonymous_2)
DA:1,2
DA:2,2
DA:4,2
DA:5,3
DA:7,3
DA:8,0
DA:9,0
DA:10,0
DA:11,0
DA:13,3
DA:14,3
DA:35,2
LF:12
LH:8
BRDA:19,0,0,0
BRDA:19,0,1,3
BRF:2
BRH:1
end_of_record
TN:
SF:src\components\input-search\InputSearch.tsx
FN:5,(anonymous_1)
FN:7,(anonymous_2)
FN:12,(anonymous_3)
FN:17,(anonymous_4)
FN:28,(anonymous_5)
FNF:5
FNH:2
FNDA:7,(anonymous_1)
FNDA:0,(anonymous_2)
FNDA:0,(anonymous_3)
FNDA:2,(anonymous_4)
FNDA:0,(anonymous_5)
DA:1,2
DA:2,2
DA:3,2
DA:5,2
DA:7,7
DA:8,2
DA:9,2
DA:10,2
DA:12,2
DA:13,0
DA:14,0
DA:17,2
DA:18,2
DA:19,2
DA:20,2
DA:21,2
DA:23,0
DA:26,2
DA:28,2
DA:29,0
DA:30,0
DA:33,2
DA:56,2
LF:23
LH:18
BRDA:18,0,0,2
BRDA:18,0,1,0
BRDA:37,1,0,0
BRDA:37,1,1,2
BRF:4
BRH:2
end_of_record
TN:
SF:src\components\loader\Loader.tsx
FN:3,(anonymous_1)
FNF:1
FNH:1
FNDA:5,(anonymous_1)
DA:1,3
DA:3,3
DA:4,5
DA:16,3
LF:4
LH:4
BRF:0
BRH:0
end_of_record
TN:
SF:src\components\main-page\ItemOnPage.tsx
FN:4,(anonymous_1)
FN:5,(anonymous_2)
FNF:2
FNH:2
FNDA:14,(anonymous_1)
FNDA:2,(anonymous_2)
DA:1,5
DA:3,5
DA:4,5
DA:5,14
DA:6,2
DA:8,14
DA:10,14
DA:37,5
LF:8
LH:8
BRDA:17,0,0,2
BRDA:17,0,1,12
BRF:2
BRH:2
end_of_record
TN:
SF:src\components\main-page\ListItems.tsx
FN:8,(anonymous_1)
FN:13,(anonymous_2)
FNF:2
FNH:2
FNDA:8,(anonymous_1)
FNDA:14,(anonymous_2)
DA:2,5
DA:8,5
DA:9,8
DA:10,8
DA:11,7
DA:14,14
DA:28,1
DA:32,5
LF:8
LH:8
BRDA:10,0,0,7
BRDA:10,0,1,1
BRF:2
BRH:2
end_of_record
TN:
SF:src\components\main-page\MainPage.tsx
FN:10,(anonymous_1)
FN:24,(anonymous_2)
FNF:2
FNH:2
FNDA:8,(anonymous_1)
FNDA:3,(anonymous_2)
DA:1,2
DA:2,2
DA:3,2
DA:4,2
DA:5,2
DA:6,2
DA:7,2
DA:8,2
DA:10,2
DA:11,8
DA:12,8
DA:14,8
DA:15,8
DA:16,7
DA:17,7
DA:18,3
DA:19,3
DA:20,3
DA:21,3
DA:22,3
DA:24,3
DA:25,3
DA:26,0
DA:27,0
DA:28,0
DA:30,3
DA:31,3
DA:34,3
DA:35,3
DA:38,3
DA:39,0
DA:40,0
DA:43,3
DA:66,2
LF:34
LH:29
BRDA:25,0,0,0
BRDA:25,0,1,3
BRDA:25,1,0,3
BRDA:25,1,1,0
BRDA:34,2,0,3
BRDA:38,3,0,0
BRDA:47,4,0,3
BRDA:47,4,1,0
BRDA:48,5,0,3
BRDA:48,5,1,2
BRDA:49,6,0,3
BRDA:49,6,1,1
BRDA:53,7,0,0
BRDA:53,7,1,3
BRF:14
BRH:9
end_of_record
TN:
SF:src\hooks\redux.ts
FN:5,(anonymous_0)
FNF:1
FNH:1
FNDA:8,(anonymous_0)
DA:1,4
DA:3,4
DA:5,8
DA:6,4
LF:4
LH:4
BRF:0
BRH:0
end_of_record
TN:
SF:src\services\ItemsService.ts
FN:21,(anonymous_0)
FN:23,(anonymous_1)
FN:27,(anonymous_2)
FNF:3
FNH:2
FNDA:2,(anonymous_0)
FNDA:1,(anonymous_1)
FNDA:0,(anonymous_2)
DA:2,2
DA:18,2
DA:21,2
DA:24,1
DA:25,1
DA:28,0
DA:29,0
LF:7
LH:5
BRDA:23,0,0,0
BRF:1
BRH:0
end_of_record
TN:
SF:src\store\store.ts
FN:10,(anonymous_1)
FN:13,(anonymous_2)
FNF:2
FNH:2
FNDA:1,(anonymous_1)
FNDA:1,(anonymous_2)
DA:1,1
DA:2,1
DA:3,1
DA:5,1
DA:10,1
DA:11,1
DA:13,1
DA:17,1
LF:8
LH:8
BRF:0
BRH:0
end_of_record
TN:
SF:src\store\reducers\ActionCreators.ts
FN:4,(anonymous_0)
FN:7,(anonymous_1)
FN:8,(anonymous_2)
FNF:3
FNH:0
FNDA:0,(anonymous_0)
FNDA:0,(anonymous_1)
FNDA:0,(anonymous_2)
DA:2,4
DA:4,4
DA:5,0
DA:6,0
DA:7,0
DA:8,0
DA:9,0
DA:11,0
LF:8
LH:2
BRF:0
BRH:0
end_of_record
TN:
SF:src\store\reducers\ItemSlice.ts
FN:15,(anonymous_0)
FN:18,(anonymous_1)
FN:21,(anonymous_2)
FN:24,(anonymous_3)
FN:29,(anonymous_4)
FN:32,(anonymous_5)
FN:37,(anonymous_6)
FNF:7
FNH:2
FNDA:3,(anonymous_0)
FNDA:0,(anonymous_1)
FNDA:3,(anonymous_2)
FNDA:0,(anonymous_3)
FNDA:0,(anonymous_4)
FNDA:0,(anonymous_5)
FNDA:0,(anonymous_6)
DA:1,4
DA:2,4
DA:5,4
DA:11,4
DA:16,3
DA:19,0
DA:22,3
DA:25,0
DA:30,0
DA:33,0
DA:34,0
DA:35,0
DA:38,0
DA:39,0
DA:44,4
LF:15
LH:7
BRF:0
BRH:0
end_of_record
