TN:
SF:src\App.tsx
FN:11,(anonymous_1)
FNF:1
FNH:1
FNDA:1,(anonymous_1)
DA:1,1
DA:2,1
DA:3,1
DA:4,1
DA:5,1
DA:6,1
DA:7,1
DA:9,1
DA:11,1
DA:12,1
DA:13,1
DA:46,1
LF:12
LH:12
BRF:0
BRH:0
end_of_record
TN:
SF:src\components\Context\ApiContext.tsx
FN:14,(anonymous_0)
FNF:1
FNH:0
FNDA:0,(anonymous_0)
DA:1,3
DA:9,3
DA:17,3
LF:3
LH:3
BRF:0
BRH:0
end_of_record
TN:
SF:src\components\Context\InputContext.tsx
FN:13,(anonymous_0)
FNF:1
FNH:0
FNDA:0,(anonymous_0)
DA:1,2
DA:9,2
DA:16,2
LF:3
LH:3
BRF:0
BRH:0
end_of_record
TN:
SF:src\components\ErrorBoundary\ErrorBoundary.tsx
FN:10,(anonymous_1)
FN:14,(anonymous_2)
FN:18,(anonymous_3)
FNF:3
FNH:1
FNDA:0,(anonymous_1)
FNDA:0,(anonymous_2)
FNDA:1,(anonymous_3)
DA:1,1
DA:2,1
DA:6,1
DA:11,0
DA:15,0
DA:19,1
DA:20,0
DA:23,1
DA:27,1
LF:9
LH:6
BRDA:19,0,0,0
BRF:1
BRH:0
end_of_record
TN:
SF:src\components\ErrorBoundary\ErrorButton.tsx
FN:4,(anonymous_1)
FN:8,(anonymous_2)
FNF:2
FNH:1
FNDA:1,(anonymous_1)
FNDA:0,(anonymous_2)
DA:1,1
DA:2,1
DA:4,1
DA:5,1
DA:6,1
DA:8,1
DA:9,0
DA:11,1
DA:12,1
DA:30,0
DA:34,1
LF:11
LH:9
BRDA:11,0,0,1
BRDA:11,0,1,0
BRDA:17,1,0,0
BRDA:17,1,1,1
BRF:4
BRH:2
end_of_record
TN:
SF:src\components\ErrorBoundary\ErrorNavigation.tsx
FN:5,(anonymous_1)
FN:12,(anonymous_2)
FNF:2
FNH:1
FNDA:1,(anonymous_1)
FNDA:0,(anonymous_2)
DA:2,1
DA:3,1
DA:5,1
DA:6,1
DA:7,1
DA:12,0
DA:20,1
LF:7
LH:6
BRF:0
BRH:0
end_of_record
TN:
SF:src\components\ErrorBoundary\ErrorPage.tsx
FN:3,(anonymous_1)
FN:4,(anonymous_2)
FNF:2
FNH:1
FNDA:1,(anonymous_1)
FNDA:0,(anonymous_2)
DA:1,1
DA:3,1
DA:4,1
DA:5,0
DA:7,1
DA:23,1
LF:6
LH:5
BRF:0
BRH:0
end_of_record
TN:
SF:src\components\Header\Header.tsx
FN:9,(anonymous_1)
FNF:1
FNH:0
FNDA:0,(anonymous_1)
DA:1,1
DA:2,1
DA:3,1
DA:5,1
DA:6,1
DA:7,1
DA:9,1
DA:10,0
DA:12,0
DA:24,1
LF:10
LH:8
BRF:0
BRH:0
end_of_record
TN:
SF:src\components\Layout\Layout.tsx
FN:4,(anonymous_1)
FNF:1
FNH:0
FNDA:0,(anonymous_1)
DA:1,1
DA:2,1
DA:4,1
DA:5,0
DA:12,1
LF:5
LH:4
BRF:0
BRH:0
end_of_record
TN:
SF:src\components\Pagination\Pagination.tsx
FN:5,Paginator
FN:30,(anonymous_2)
FN:33,(anonymous_3)
FN:35,(anonymous_4)
FNF:4
FNH:4
FNDA:2,Paginator
FNDA:13,(anonymous_2)
FNDA:13,(anonymous_3)
FNDA:1,(anonymous_4)
DA:1,2
DA:2,2
DA:3,2
DA:5,2
DA:6,2
DA:7,2
DA:8,2
DA:9,2
DA:10,2
DA:12,2
DA:13,2
DA:14,2
DA:15,84
DA:17,2
DA:18,2
DA:19,2
DA:20,2
DA:21,2
DA:22,2
DA:31,13
DA:33,13
DA:35,1
LF:22
LH:22
BRDA:18,0,0,2
BRDA:18,0,1,0
BRDA:25,1,0,0
BRDA:25,1,1,2
BRDA:33,2,0,1
BRDA:33,2,1,12
BRF:6
BRH:4
end_of_record
TN:
SF:src\components\Person\Person.tsx
FN:7,(anonymous_1)
FN:11,(anonymous_2)
FN:20,(anonymous_3)
FN:22,(anonymous_4)
FN:23,(anonymous_5)
FNF:5
FNH:2
FNDA:2,(anonymous_1)
FNDA:0,(anonymous_2)
FNDA:2,(anonymous_3)
FNDA:0,(anonymous_4)
FNDA:0,(anonymous_5)
DA:1,2
DA:2,2
DA:4,2
DA:5,2
DA:7,2
DA:8,2
DA:9,2
DA:10,2
DA:11,2
DA:12,0
DA:13,0
DA:15,2
DA:19,2
DA:20,2
DA:21,2
DA:22,0
DA:24,0
DA:25,0
DA:31,2
DA:32,2
DA:33,2
DA:34,2
DA:35,2
DA:36,0
DA:37,0
DA:79,2
LF:26
LH:19
BRDA:32,0,0,2
BRDA:34,1,0,2
BRDA:34,1,1,0
BRDA:36,2,0,0
BRDA:36,3,0,0
BRDA:36,3,1,0
BRDA:36,3,2,0
BRF:7
BRH:2
end_of_record
TN:
SF:src\components\SelectorBtn\SelectorBtn.tsx
FN:5,(anonymous_1)
FN:6,(anonymous_2)
FNF:2
FNH:1
FNDA:1,(anonymous_1)
FNDA:0,(anonymous_2)
DA:1,2
DA:2,2
DA:3,2
DA:5,2
DA:6,1
DA:7,0
DA:8,0
DA:10,1
DA:11,1
DA:12,1
DA:13,1
DA:34,2
LF:12
LH:10
BRDA:18,0,0,0
BRDA:18,0,1,1
BRF:2
BRH:1
end_of_record
TN:
SF:src\components\input-search\InputSearch.tsx
FN:5,(anonymous_1)
FN:9,(anonymous_2)
FN:14,(anonymous_3)
FNF:3
FNH:2
FNDA:3,(anonymous_1)
FNDA:0,(anonymous_2)
FNDA:1,(anonymous_3)
DA:1,2
DA:2,2
DA:3,2
DA:5,2
DA:6,3
DA:7,3
DA:9,3
DA:10,0
DA:11,0
DA:14,3
DA:15,1
DA:16,1
DA:17,1
DA:19,0
DA:22,3
DA:41,2
LF:16
LH:13
BRDA:15,0,0,1
BRDA:15,0,1,0
BRDA:26,1,0,0
BRDA:26,1,1,3
BRF:4
BRH:2
end_of_record
TN:
SF:src\components\loader\Loader.tsx
FN:3,(anonymous_1)
FNF:1
FNH:1
FNDA:2,(anonymous_1)
DA:1,3
DA:3,3
DA:4,2
DA:16,3
LF:4
LH:4
BRF:0
BRH:0
end_of_record
TN:
SF:src\components\main-page\ItemOnPage.tsx
FN:5,(anonymous_1)
FN:8,(anonymous_2)
FNF:2
FNH:2
FNDA:9,(anonymous_1)
FNDA:1,(anonymous_2)
DA:1,4
DA:3,4
DA:4,4
DA:5,4
DA:6,9
DA:8,9
DA:9,1
DA:10,1
DA:12,9
DA:14,9
DA:40,4
LF:11
LH:11
BRDA:21,0,0,1
BRDA:21,0,1,8
BRF:2
BRH:2
end_of_record
TN:
SF:src\components\main-page\ListItems.tsx
FN:8,(anonymous_1)
FN:13,(anonymous_2)
FNF:2
FNH:2
FNDA:6,(anonymous_1)
FNDA:8,(anonymous_2)
DA:2,4
DA:8,4
DA:9,6
DA:10,6
DA:11,5
DA:14,8
DA:28,1
DA:32,4
LF:8
LH:8
BRDA:10,0,0,5
BRDA:10,0,1,1
BRF:2
BRH:2
end_of_record
TN:
SF:src\components\main-page\MainPage.tsx
FN:8,(anonymous_1)
FN:21,(anonymous_2)
FN:27,(anonymous_3)
FN:30,(anonymous_4)
FN:31,(anonymous_5)
FN:39,(anonymous_6)
FN:40,(anonymous_7)
FN:48,(anonymous_8)
FN:49,(anonymous_9)
FN:57,(anonymous_10)
FN:58,(anonymous_11)
FN:66,(anonymous_12)
FNF:12
FNH:4
FNDA:1,(anonymous_1)
FNDA:1,(anonymous_2)
FNDA:1,(anonymous_3)
FNDA:0,(anonymous_4)
FNDA:0,(anonymous_5)
FNDA:0,(anonymous_6)
FNDA:0,(anonymous_7)
FNDA:0,(anonymous_8)
FNDA:0,(anonymous_9)
FNDA:0,(anonymous_10)
FNDA:0,(anonymous_11)
FNDA:1,(anonymous_12)
DA:1,2
DA:2,2
DA:3,2
DA:4,2
DA:5,2
DA:6,2
DA:8,2
DA:9,1
DA:10,1
DA:11,1
DA:12,1
DA:14,1
DA:15,1
DA:17,1
DA:18,1
DA:19,1
DA:21,1
DA:22,1
DA:23,0
DA:24,0
DA:27,1
DA:28,1
DA:29,1
DA:30,0
DA:32,0
DA:37,0
DA:38,0
DA:39,0
DA:41,0
DA:46,0
DA:47,0
DA:48,0
DA:50,0
DA:55,0
DA:56,0
DA:57,0
DA:59,0
DA:66,1
DA:67,1
DA:68,0
DA:69,0
DA:71,1
DA:75,1
DA:76,1
DA:77,1
DA:78,1
DA:79,0
DA:80,1
DA:81,1
DA:82,1
DA:102,0
DA:107,2
LF:52
LH:32
BRDA:18,0,0,1
BRDA:22,1,0,0
BRDA:28,2,0,1
BRDA:28,2,1,0
BRDA:37,3,0,0
BRDA:37,3,1,0
BRDA:37,4,0,0
BRDA:37,4,1,0
BRDA:46,5,0,0
BRDA:46,5,1,0
BRDA:46,6,0,0
BRDA:46,6,1,0
BRDA:55,7,0,0
BRDA:67,8,0,0
BRDA:67,8,1,1
BRDA:75,9,0,1
BRDA:78,10,0,0
BRDA:78,10,1,1
BRDA:80,11,0,1
BRDA:80,11,1,0
BRDA:90,12,0,0
BRDA:90,12,1,1
BRF:22
BRH:7
end_of_record
